{"/Volumes/GOBLINOS 1/apps/GoblinAssistant/src/features/chat/components/ChatMessageList.tsx": {"path":"/Volumes/GOBLINOS 1/apps/GoblinAssistant/src/features/chat/components/ChatMessageList.tsx","all":false,"statementMap":{"0":{"start":{"line":1,"column":0},"end":{"line":1,"column":13}},"1":{"start":{"line":2,"column":0},"end":{"line":2,"column":0}},"2":{"start":{"line":3,"column":0},"end":{"line":3,"column":39}},"3":{"start":{"line":4,"column":0},"end":{"line":4,"column":42}},"4":{"start":{"line":5,"column":0},"end":{"line":5,"column":57}},"5":{"start":{"line":6,"column":0},"end":{"line":6,"column":50}},"6":{"start":{"line":7,"column":0},"end":{"line":7,"column":50}},"7":{"start":{"line":8,"column":0},"end":{"line":8,"column":46}},"8":{"start":{"line":9,"column":0},"end":{"line":9,"column":46}},"9":{"start":{"line":10,"column":0},"end":{"line":10,"column":48}},"10":{"start":{"line":11,"column":0},"end":{"line":11,"column":49}},"11":{"start":{"line":12,"column":0},"end":{"line":12,"column":0}},"12":{"start":{"line":13,"column":0},"end":{"line":13,"column":32}},"13":{"start":{"line":14,"column":0},"end":{"line":14,"column":48}},"14":{"start":{"line":15,"column":0},"end":{"line":15,"column":26}},"15":{"start":{"line":16,"column":0},"end":{"line":16,"column":64}},"16":{"start":{"line":17,"column":0},"end":{"line":17,"column":30}},"17":{"start":{"line":18,"column":0},"end":{"line":18,"column":46}},"18":{"start":{"line":19,"column":0},"end":{"line":19,"column":42}},"19":{"start":{"line":20,"column":0},"end":{"line":20,"column":42}},"20":{"start":{"line":21,"column":0},"end":{"line":21,"column":39}},"21":{"start":{"line":22,"column":0},"end":{"line":22,"column":55}},"22":{"start":{"line":23,"column":0},"end":{"line":23,"column":21}},"23":{"start":{"line":24,"column":0},"end":{"line":24,"column":65}},"24":{"start":{"line":25,"column":0},"end":{"line":25,"column":22}},"25":{"start":{"line":26,"column":0},"end":{"line":26,"column":39}},"26":{"start":{"line":27,"column":0},"end":{"line":27,"column":48}},"27":{"start":{"line":28,"column":0},"end":{"line":28,"column":38}},"28":{"start":{"line":29,"column":0},"end":{"line":29,"column":53}},"29":{"start":{"line":30,"column":0},"end":{"line":30,"column":44}},"30":{"start":{"line":31,"column":0},"end":{"line":31,"column":61}},"31":{"start":{"line":32,"column":0},"end":{"line":32,"column":30}},"32":{"start":{"line":33,"column":0},"end":{"line":33,"column":33}},"33":{"start":{"line":34,"column":0},"end":{"line":34,"column":1}},"34":{"start":{"line":35,"column":0},"end":{"line":35,"column":0}},"35":{"start":{"line":36,"column":0},"end":{"line":36,"column":26}},"36":{"start":{"line":37,"column":0},"end":{"line":37,"column":11}},"37":{"start":{"line":38,"column":0},"end":{"line":38,"column":15}},"38":{"start":{"line":39,"column":0},"end":{"line":39,"column":16}},"39":{"start":{"line":40,"column":0},"end":{"line":40,"column":12}},"40":{"start":{"line":41,"column":0},"end":{"line":41,"column":12}},"41":{"start":{"line":42,"column":0},"end":{"line":42,"column":20}},"42":{"start":{"line":43,"column":0},"end":{"line":43,"column":18}},"43":{"start":{"line":44,"column":0},"end":{"line":44,"column":16}},"44":{"start":{"line":45,"column":0},"end":{"line":45,"column":22}},"45":{"start":{"line":46,"column":0},"end":{"line":46,"column":31}},"46":{"start":{"line":47,"column":0},"end":{"line":47,"column":29}},"47":{"start":{"line":48,"column":0},"end":{"line":48,"column":72}},"48":{"start":{"line":49,"column":0},"end":{"line":49,"column":0}},"49":{"start":{"line":50,"column":0},"end":{"line":50,"column":34}},"50":{"start":{"line":51,"column":0},"end":{"line":51,"column":56}},"51":{"start":{"line":52,"column":0},"end":{"line":52,"column":4}},"52":{"start":{"line":53,"column":0},"end":{"line":53,"column":0}},"53":{"start":{"line":54,"column":0},"end":{"line":54,"column":74}},"54":{"start":{"line":55,"column":0},"end":{"line":55,"column":0}},"55":{"start":{"line":56,"column":0},"end":{"line":56,"column":49}},"56":{"start":{"line":57,"column":0},"end":{"line":57,"column":44}},"57":{"start":{"line":58,"column":0},"end":{"line":58,"column":32}},"58":{"start":{"line":59,"column":0},"end":{"line":59,"column":74}},"59":{"start":{"line":60,"column":0},"end":{"line":60,"column":47}},"60":{"start":{"line":61,"column":0},"end":{"line":61,"column":16}},"61":{"start":{"line":62,"column":0},"end":{"line":62,"column":52}},"62":{"start":{"line":63,"column":0},"end":{"line":63,"column":47}},"63":{"start":{"line":64,"column":0},"end":{"line":64,"column":86}},"64":{"start":{"line":65,"column":0},"end":{"line":65,"column":31}},"65":{"start":{"line":66,"column":0},"end":{"line":66,"column":31}},"66":{"start":{"line":67,"column":0},"end":{"line":67,"column":0}},"67":{"start":{"line":68,"column":0},"end":{"line":68,"column":18}},"68":{"start":{"line":69,"column":0},"end":{"line":69,"column":12}},"69":{"start":{"line":70,"column":0},"end":{"line":70,"column":89}},"70":{"start":{"line":71,"column":0},"end":{"line":71,"column":102}},"71":{"start":{"line":72,"column":0},"end":{"line":72,"column":68}},"72":{"start":{"line":73,"column":0},"end":{"line":73,"column":70}},"73":{"start":{"line":74,"column":0},"end":{"line":74,"column":69}},"74":{"start":{"line":75,"column":0},"end":{"line":75,"column":64}},"75":{"start":{"line":76,"column":0},"end":{"line":76,"column":14}},"76":{"start":{"line":77,"column":0},"end":{"line":77,"column":50}},"77":{"start":{"line":78,"column":0},"end":{"line":78,"column":16}},"78":{"start":{"line":79,"column":0},"end":{"line":79,"column":6}},"79":{"start":{"line":80,"column":0},"end":{"line":80,"column":3}},"80":{"start":{"line":81,"column":0},"end":{"line":81,"column":0}},"81":{"start":{"line":82,"column":0},"end":{"line":82,"column":30}},"82":{"start":{"line":83,"column":0},"end":{"line":83,"column":12}},"83":{"start":{"line":84,"column":0},"end":{"line":84,"column":21}},"84":{"start":{"line":85,"column":0},"end":{"line":85,"column":35}},"85":{"start":{"line":86,"column":0},"end":{"line":86,"column":37}},"86":{"start":{"line":87,"column":0},"end":{"line":87,"column":51}},"87":{"start":{"line":88,"column":0},"end":{"line":88,"column":8}},"88":{"start":{"line":89,"column":0},"end":{"line":89,"column":6}},"89":{"start":{"line":90,"column":0},"end":{"line":90,"column":3}},"90":{"start":{"line":91,"column":0},"end":{"line":91,"column":0}},"91":{"start":{"line":92,"column":0},"end":{"line":92,"column":10}},"92":{"start":{"line":93,"column":0},"end":{"line":93,"column":82}},"93":{"start":{"line":94,"column":0},"end":{"line":94,"column":9}},"94":{"start":{"line":95,"column":0},"end":{"line":95,"column":26}},"95":{"start":{"line":96,"column":0},"end":{"line":96,"column":33}},"96":{"start":{"line":97,"column":0},"end":{"line":97,"column":29}},"97":{"start":{"line":98,"column":0},"end":{"line":98,"column":7}},"98":{"start":{"line":99,"column":0},"end":{"line":99,"column":35}},"99":{"start":{"line":100,"column":0},"end":{"line":100,"column":35}},"100":{"start":{"line":101,"column":0},"end":{"line":101,"column":45}},"101":{"start":{"line":102,"column":0},"end":{"line":102,"column":55}},"102":{"start":{"line":103,"column":0},"end":{"line":103,"column":76}},"103":{"start":{"line":104,"column":0},"end":{"line":104,"column":0}},"104":{"start":{"line":105,"column":0},"end":{"line":105,"column":25}},"105":{"start":{"line":106,"column":0},"end":{"line":106,"column":22}},"106":{"start":{"line":107,"column":0},"end":{"line":107,"column":115}},"107":{"start":{"line":108,"column":0},"end":{"line":108,"column":51}},"108":{"start":{"line":109,"column":0},"end":{"line":109,"column":0}},"109":{"start":{"line":110,"column":0},"end":{"line":110,"column":40}},"110":{"start":{"line":111,"column":0},"end":{"line":111,"column":90}},"111":{"start":{"line":112,"column":0},"end":{"line":112,"column":98}},"112":{"start":{"line":113,"column":0},"end":{"line":113,"column":94}},"113":{"start":{"line":114,"column":0},"end":{"line":114,"column":97}},"114":{"start":{"line":115,"column":0},"end":{"line":115,"column":69}},"115":{"start":{"line":116,"column":0},"end":{"line":116,"column":0}},"116":{"start":{"line":117,"column":0},"end":{"line":117,"column":18}},"117":{"start":{"line":118,"column":0},"end":{"line":118,"column":15}},"118":{"start":{"line":119,"column":0},"end":{"line":119,"column":29}},"119":{"start":{"line":120,"column":0},"end":{"line":120,"column":82}},"120":{"start":{"line":121,"column":0},"end":{"line":121,"column":13}},"121":{"start":{"line":122,"column":0},"end":{"line":122,"column":84}},"122":{"start":{"line":123,"column":0},"end":{"line":123,"column":33}},"123":{"start":{"line":124,"column":0},"end":{"line":124,"column":62}},"124":{"start":{"line":125,"column":0},"end":{"line":125,"column":64}},"125":{"start":{"line":126,"column":0},"end":{"line":126,"column":22}},"126":{"start":{"line":127,"column":0},"end":{"line":127,"column":0}},"127":{"start":{"line":128,"column":0},"end":{"line":128,"column":42}},"128":{"start":{"line":129,"column":0},"end":{"line":129,"column":81}},"129":{"start":{"line":130,"column":0},"end":{"line":130,"column":48}},"130":{"start":{"line":131,"column":0},"end":{"line":131,"column":22}},"131":{"start":{"line":132,"column":0},"end":{"line":132,"column":0}},"132":{"start":{"line":133,"column":0},"end":{"line":133,"column":67}},"133":{"start":{"line":134,"column":0},"end":{"line":134,"column":42}},"134":{"start":{"line":135,"column":0},"end":{"line":135,"column":41}},"135":{"start":{"line":136,"column":0},"end":{"line":136,"column":22}},"136":{"start":{"line":137,"column":0},"end":{"line":137,"column":72}},"137":{"start":{"line":138,"column":0},"end":{"line":138,"column":28}},"138":{"start":{"line":139,"column":0},"end":{"line":139,"column":90}},"139":{"start":{"line":140,"column":0},"end":{"line":140,"column":95}},"140":{"start":{"line":141,"column":0},"end":{"line":141,"column":44}},"141":{"start":{"line":142,"column":0},"end":{"line":142,"column":19}},"142":{"start":{"line":143,"column":0},"end":{"line":143,"column":36}},"143":{"start":{"line":144,"column":0},"end":{"line":144,"column":39}},"144":{"start":{"line":145,"column":0},"end":{"line":145,"column":37}},"145":{"start":{"line":146,"column":0},"end":{"line":146,"column":49}},"146":{"start":{"line":147,"column":0},"end":{"line":147,"column":67}},"147":{"start":{"line":148,"column":0},"end":{"line":148,"column":24}},"148":{"start":{"line":149,"column":0},"end":{"line":149,"column":25}},"149":{"start":{"line":150,"column":0},"end":{"line":150,"column":80}},"150":{"start":{"line":151,"column":0},"end":{"line":151,"column":22}},"151":{"start":{"line":152,"column":0},"end":{"line":152,"column":24}},"152":{"start":{"line":153,"column":0},"end":{"line":153,"column":0}},"153":{"start":{"line":154,"column":0},"end":{"line":154,"column":57}},"154":{"start":{"line":155,"column":0},"end":{"line":155,"column":81}},"155":{"start":{"line":156,"column":0},"end":{"line":156,"column":24}},"156":{"start":{"line":157,"column":0},"end":{"line":157,"column":45}},"157":{"start":{"line":158,"column":0},"end":{"line":158,"column":71}},"158":{"start":{"line":159,"column":0},"end":{"line":159,"column":98}},"159":{"start":{"line":160,"column":0},"end":{"line":160,"column":21}},"160":{"start":{"line":161,"column":0},"end":{"line":161,"column":37}},"161":{"start":{"line":162,"column":0},"end":{"line":162,"column":63}},"162":{"start":{"line":163,"column":0},"end":{"line":163,"column":67}},"163":{"start":{"line":164,"column":0},"end":{"line":164,"column":43}},"164":{"start":{"line":165,"column":0},"end":{"line":165,"column":58}},"165":{"start":{"line":166,"column":0},"end":{"line":166,"column":25}},"166":{"start":{"line":167,"column":0},"end":{"line":167,"column":69}},"167":{"start":{"line":168,"column":0},"end":{"line":168,"column":45}},"168":{"start":{"line":169,"column":0},"end":{"line":169,"column":41}},"169":{"start":{"line":170,"column":0},"end":{"line":170,"column":24}},"170":{"start":{"line":171,"column":0},"end":{"line":171,"column":26}},"171":{"start":{"line":172,"column":0},"end":{"line":172,"column":20}},"172":{"start":{"line":173,"column":0},"end":{"line":173,"column":22}},"173":{"start":{"line":174,"column":0},"end":{"line":174,"column":0}},"174":{"start":{"line":175,"column":0},"end":{"line":175,"column":47}},"175":{"start":{"line":176,"column":0},"end":{"line":176,"column":28}},"176":{"start":{"line":177,"column":0},"end":{"line":177,"column":82}},"177":{"start":{"line":178,"column":0},"end":{"line":178,"column":27}},"178":{"start":{"line":179,"column":0},"end":{"line":179,"column":35}},"179":{"start":{"line":180,"column":0},"end":{"line":180,"column":125}},"180":{"start":{"line":181,"column":0},"end":{"line":181,"column":55}},"181":{"start":{"line":182,"column":0},"end":{"line":182,"column":47}},"182":{"start":{"line":183,"column":0},"end":{"line":183,"column":21}},"183":{"start":{"line":184,"column":0},"end":{"line":184,"column":29}},"184":{"start":{"line":185,"column":0},"end":{"line":185,"column":29}},"185":{"start":{"line":186,"column":0},"end":{"line":186,"column":24}},"186":{"start":{"line":187,"column":0},"end":{"line":187,"column":36}},"187":{"start":{"line":188,"column":0},"end":{"line":188,"column":98}},"188":{"start":{"line":189,"column":0},"end":{"line":189,"column":21}},"189":{"start":{"line":190,"column":0},"end":{"line":190,"column":103}},"190":{"start":{"line":191,"column":0},"end":{"line":191,"column":29}},"191":{"start":{"line":192,"column":0},"end":{"line":192,"column":92}},"192":{"start":{"line":193,"column":0},"end":{"line":193,"column":30}},"193":{"start":{"line":194,"column":0},"end":{"line":194,"column":29}},"194":{"start":{"line":195,"column":0},"end":{"line":195,"column":40}},"195":{"start":{"line":196,"column":0},"end":{"line":196,"column":88}},"196":{"start":{"line":197,"column":0},"end":{"line":197,"column":30}},"197":{"start":{"line":198,"column":0},"end":{"line":198,"column":29}},"198":{"start":{"line":199,"column":0},"end":{"line":199,"column":84}},"199":{"start":{"line":200,"column":0},"end":{"line":200,"column":30}},"200":{"start":{"line":201,"column":0},"end":{"line":201,"column":29}},"201":{"start":{"line":202,"column":0},"end":{"line":202,"column":36}},"202":{"start":{"line":203,"column":0},"end":{"line":203,"column":54}},"203":{"start":{"line":204,"column":0},"end":{"line":204,"column":39}},"204":{"start":{"line":205,"column":0},"end":{"line":205,"column":36}},"205":{"start":{"line":206,"column":0},"end":{"line":206,"column":33}},"206":{"start":{"line":207,"column":0},"end":{"line":207,"column":30}},"207":{"start":{"line":208,"column":0},"end":{"line":208,"column":53}},"208":{"start":{"line":209,"column":0},"end":{"line":209,"column":54}},"209":{"start":{"line":210,"column":0},"end":{"line":210,"column":45}},"210":{"start":{"line":211,"column":0},"end":{"line":211,"column":88}},"211":{"start":{"line":212,"column":0},"end":{"line":212,"column":32}},"212":{"start":{"line":213,"column":0},"end":{"line":213,"column":33}},"213":{"start":{"line":214,"column":0},"end":{"line":214,"column":28}},"214":{"start":{"line":215,"column":0},"end":{"line":215,"column":26}},"215":{"start":{"line":216,"column":0},"end":{"line":216,"column":24}},"216":{"start":{"line":217,"column":0},"end":{"line":217,"column":25}},"217":{"start":{"line":218,"column":0},"end":{"line":218,"column":20}},"218":{"start":{"line":219,"column":0},"end":{"line":219,"column":17}},"219":{"start":{"line":220,"column":0},"end":{"line":220,"column":12}},"220":{"start":{"line":221,"column":0},"end":{"line":221,"column":11}},"221":{"start":{"line":222,"column":0},"end":{"line":222,"column":11}},"222":{"start":{"line":223,"column":0},"end":{"line":223,"column":48}},"223":{"start":{"line":224,"column":0},"end":{"line":224,"column":14}},"224":{"start":{"line":225,"column":0},"end":{"line":225,"column":4}},"225":{"start":{"line":226,"column":0},"end":{"line":226,"column":2}},"226":{"start":{"line":227,"column":0},"end":{"line":227,"column":0}},"227":{"start":{"line":228,"column":0},"end":{"line":228,"column":31}}},"s":{"0":1,"1":1,"2":1,"3":1,"4":1,"5":1,"6":1,"7":1,"8":1,"9":1,"10":1,"11":1,"12":1,"13":1,"14":1,"15":1,"16":1,"17":1,"18":1,"19":1,"20":1,"21":1,"22":1,"23":1,"24":1,"25":1,"26":1,"27":1,"28":1,"29":1,"30":1,"31":1,"32":1,"33":1,"34":1,"35":1,"36":5,"37":5,"38":5,"39":5,"40":5,"41":5,"42":5,"43":5,"44":5,"45":5,"46":5,"47":5,"48":5,"49":5,"50":1,"51":1,"52":5,"53":5,"54":5,"55":5,"56":5,"57":4,"58":0,"59":0,"60":0,"61":0,"62":0,"63":0,"64":0,"65":5,"66":5,"67":5,"68":0,"69":0,"70":0,"71":0,"72":0,"73":0,"74":0,"75":0,"76":0,"77":0,"78":0,"79":0,"80":5,"81":5,"82":0,"83":0,"84":0,"85":0,"86":0,"87":0,"88":0,"89":0,"90":5,"91":5,"92":5,"93":5,"94":5,"95":5,"96":5,"97":5,"98":5,"99":10,"100":10,"101":10,"102":10,"103":10,"104":10,"105":10,"106":8,"107":10,"108":10,"109":10,"110":10,"111":10,"112":10,"113":10,"114":10,"115":10,"116":10,"117":10,"118":10,"119":10,"120":10,"121":10,"122":10,"123":10,"124":10,"125":10,"126":10,"127":10,"128":10,"129":10,"130":10,"131":10,"132":10,"133":10,"134":10,"135":10,"136":10,"137":10,"138":2,"139":8,"140":10,"141":10,"142":10,"143":0,"144":0,"145":0,"146":0,"147":0,"148":0,"149":10,"150":10,"151":10,"152":10,"153":10,"154":10,"155":10,"156":10,"157":10,"158":10,"159":10,"160":10,"161":10,"162":10,"163":10,"164":0,"165":10,"166":10,"167":10,"168":10,"169":10,"170":10,"171":10,"172":10,"173":10,"174":10,"175":10,"176":2,"177":2,"178":2,"179":2,"180":2,"181":2,"182":2,"183":2,"184":2,"185":2,"186":2,"187":2,"188":2,"189":2,"190":2,"191":2,"192":2,"193":2,"194":2,"195":2,"196":2,"197":2,"198":2,"199":2,"200":2,"201":2,"202":2,"203":2,"204":2,"205":2,"206":2,"207":2,"208":0,"209":0,"210":0,"211":0,"212":0,"213":2,"214":2,"215":2,"216":2,"217":10,"218":10,"219":10,"220":10,"221":5,"222":5,"223":5,"224":5,"225":5,"226":1,"227":1},"branchMap":{"0":{"type":"branch","line":36,"loc":{"start":{"line":36,"column":24},"end":{"line":226,"column":2}},"locations":[{"start":{"line":36,"column":24},"end":{"line":226,"column":2}}]},"1":{"type":"branch","line":68,"loc":{"start":{"line":68,"column":17},"end":{"line":80,"column":3}},"locations":[{"start":{"line":68,"column":17},"end":{"line":80,"column":3}}]},"2":{"type":"branch","line":82,"loc":{"start":{"line":82,"column":29},"end":{"line":90,"column":3}},"locations":[{"start":{"line":82,"column":29},"end":{"line":90,"column":3}}]},"3":{"type":"branch","line":50,"loc":{"start":{"line":50,"column":17},"end":{"line":52,"column":4}},"locations":[{"start":{"line":50,"column":17},"end":{"line":52,"column":4}}]},"4":{"type":"branch","line":51,"loc":{"start":{"line":51,"column":16},"end":{"line":51,"column":56}},"locations":[{"start":{"line":51,"column":16},"end":{"line":51,"column":56}}]},"5":{"type":"branch","line":54,"loc":{"start":{"line":54,"column":30},"end":{"line":54,"column":62}},"locations":[{"start":{"line":54,"column":30},"end":{"line":54,"column":62}}]},"6":{"type":"branch","line":57,"loc":{"start":{"line":57,"column":37},"end":{"line":66,"column":5}},"locations":[{"start":{"line":57,"column":37},"end":{"line":66,"column":5}}]},"7":{"type":"branch","line":58,"loc":{"start":{"line":58,"column":27},"end":{"line":66,"column":5}},"locations":[{"start":{"line":58,"column":27},"end":{"line":66,"column":5}}]},"8":{"type":"branch","line":99,"loc":{"start":{"line":99,"column":25},"end":{"line":221,"column":11}},"locations":[{"start":{"line":99,"column":25},"end":{"line":221,"column":11}}]},"9":{"type":"branch","line":103,"loc":{"start":{"line":103,"column":53},"end":{"line":103,"column":76}},"locations":[{"start":{"line":103,"column":53},"end":{"line":103,"column":76}}]},"10":{"type":"branch","line":106,"loc":{"start":{"line":106,"column":13},"end":{"line":107,"column":115}},"locations":[{"start":{"line":106,"column":13},"end":{"line":107,"column":115}}]},"11":{"type":"branch","line":107,"loc":{"start":{"line":107,"column":23},"end":{"line":107,"column":34}},"locations":[{"start":{"line":107,"column":23},"end":{"line":107,"column":34}}]},"12":{"type":"branch","line":107,"loc":{"start":{"line":107,"column":25},"end":{"line":107,"column":56}},"locations":[{"start":{"line":107,"column":25},"end":{"line":107,"column":56}}]},"13":{"type":"branch","line":107,"loc":{"start":{"line":107,"column":42},"end":{"line":107,"column":56}},"locations":[{"start":{"line":107,"column":42},"end":{"line":107,"column":56}}]},"14":{"type":"branch","line":107,"loc":{"start":{"line":107,"column":44},"end":{"line":107,"column":75}},"locations":[{"start":{"line":107,"column":44},"end":{"line":107,"column":75}}]},"15":{"type":"branch","line":107,"loc":{"start":{"line":107,"column":64},"end":{"line":107,"column":75}},"locations":[{"start":{"line":107,"column":64},"end":{"line":107,"column":75}}]},"16":{"type":"branch","line":107,"loc":{"start":{"line":107,"column":66},"end":{"line":107,"column":112}},"locations":[{"start":{"line":107,"column":66},"end":{"line":107,"column":112}}]},"17":{"type":"branch","line":107,"loc":{"start":{"line":107,"column":90},"end":{"line":107,"column":105}},"locations":[{"start":{"line":107,"column":90},"end":{"line":107,"column":105}}]},"18":{"type":"branch","line":110,"loc":{"start":{"line":110,"column":32},"end":{"line":110,"column":40}},"locations":[{"start":{"line":110,"column":32},"end":{"line":110,"column":40}}]},"19":{"type":"branch","line":111,"loc":{"start":{"line":111,"column":34},"end":{"line":111,"column":57}},"locations":[{"start":{"line":111,"column":34},"end":{"line":111,"column":57}}]},"20":{"type":"branch","line":111,"loc":{"start":{"line":111,"column":63},"end":{"line":111,"column":87}},"locations":[{"start":{"line":111,"column":63},"end":{"line":111,"column":87}}]},"21":{"type":"branch","line":112,"loc":{"start":{"line":112,"column":25},"end":{"line":112,"column":49}},"locations":[{"start":{"line":112,"column":25},"end":{"line":112,"column":49}}]},"22":{"type":"branch","line":112,"loc":{"start":{"line":112,"column":32},"end":{"line":112,"column":98}},"locations":[{"start":{"line":112,"column":32},"end":{"line":112,"column":98}}]},"23":{"type":"branch","line":112,"loc":{"start":{"line":112,"column":66},"end":{"line":112,"column":87}},"locations":[{"start":{"line":112,"column":66},"end":{"line":112,"column":87}}]},"24":{"type":"branch","line":113,"loc":{"start":{"line":113,"column":38},"end":{"line":113,"column":53}},"locations":[{"start":{"line":113,"column":38},"end":{"line":113,"column":53}}]},"25":{"type":"branch","line":113,"loc":{"start":{"line":113,"column":53},"end":{"line":113,"column":81}},"locations":[{"start":{"line":113,"column":53},"end":{"line":113,"column":81}}]},"26":{"type":"branch","line":113,"loc":{"start":{"line":113,"column":81},"end":{"line":113,"column":94}},"locations":[{"start":{"line":113,"column":81},"end":{"line":113,"column":94}}]},"27":{"type":"branch","line":114,"loc":{"start":{"line":114,"column":37},"end":{"line":114,"column":93}},"locations":[{"start":{"line":114,"column":37},"end":{"line":114,"column":93}}]},"28":{"type":"branch","line":114,"loc":{"start":{"line":114,"column":88},"end":{"line":114,"column":97}},"locations":[{"start":{"line":114,"column":88},"end":{"line":114,"column":97}}]},"29":{"type":"branch","line":115,"loc":{"start":{"line":115,"column":33},"end":{"line":115,"column":52}},"locations":[{"start":{"line":115,"column":33},"end":{"line":115,"column":52}}]},"30":{"type":"branch","line":115,"loc":{"start":{"line":115,"column":35},"end":{"line":115,"column":66}},"locations":[{"start":{"line":115,"column":35},"end":{"line":115,"column":66}}]},"31":{"type":"branch","line":120,"loc":{"start":{"line":120,"column":33},"end":{"line":120,"column":58}},"locations":[{"start":{"line":120,"column":33},"end":{"line":120,"column":58}}]},"32":{"type":"branch","line":120,"loc":{"start":{"line":120,"column":42},"end":{"line":120,"column":74}},"locations":[{"start":{"line":120,"column":42},"end":{"line":120,"column":74}}]},"33":{"type":"branch","line":122,"loc":{"start":{"line":122,"column":45},"end":{"line":122,"column":69}},"locations":[{"start":{"line":122,"column":45},"end":{"line":122,"column":69}}]},"34":{"type":"branch","line":122,"loc":{"start":{"line":122,"column":54},"end":{"line":122,"column":82}},"locations":[{"start":{"line":122,"column":54},"end":{"line":122,"column":82}}]},"35":{"type":"branch","line":130,"loc":{"start":{"line":130,"column":19},"end":{"line":130,"column":36}},"locations":[{"start":{"line":130,"column":19},"end":{"line":130,"column":36}}]},"36":{"type":"branch","line":130,"loc":{"start":{"line":130,"column":28},"end":{"line":130,"column":48}},"locations":[{"start":{"line":130,"column":28},"end":{"line":130,"column":48}}]},"37":{"type":"branch","line":138,"loc":{"start":{"line":138,"column":22},"end":{"line":139,"column":90}},"locations":[{"start":{"line":138,"column":22},"end":{"line":139,"column":90}}]},"38":{"type":"branch","line":139,"loc":{"start":{"line":139,"column":26},"end":{"line":140,"column":95}},"locations":[{"start":{"line":139,"column":26},"end":{"line":140,"column":95}}]},"39":{"type":"branch","line":143,"loc":{"start":{"line":143,"column":21},"end":{"line":150,"column":23}},"locations":[{"start":{"line":143,"column":21},"end":{"line":150,"column":23}}]},"40":{"type":"branch","line":176,"loc":{"start":{"line":176,"column":17},"end":{"line":217,"column":25}},"locations":[{"start":{"line":176,"column":17},"end":{"line":217,"column":25}}]},"41":{"type":"branch","line":188,"loc":{"start":{"line":188,"column":36},"end":{"line":188,"column":59}},"locations":[{"start":{"line":188,"column":36},"end":{"line":188,"column":59}}]},"42":{"type":"branch","line":188,"loc":{"start":{"line":188,"column":49},"end":{"line":188,"column":68}},"locations":[{"start":{"line":188,"column":49},"end":{"line":188,"column":68}}]},"43":{"type":"branch","line":192,"loc":{"start":{"line":192,"column":72},"end":{"line":192,"column":92}},"locations":[{"start":{"line":192,"column":72},"end":{"line":192,"column":92}}]},"44":{"type":"branch","line":196,"loc":{"start":{"line":196,"column":65},"end":{"line":196,"column":88}},"locations":[{"start":{"line":196,"column":65},"end":{"line":196,"column":88}}]},"45":{"type":"branch","line":199,"loc":{"start":{"line":199,"column":63},"end":{"line":199,"column":84}},"locations":[{"start":{"line":199,"column":63},"end":{"line":199,"column":84}}]},"46":{"type":"branch","line":208,"loc":{"start":{"line":208,"column":35},"end":{"line":213,"column":33}},"locations":[{"start":{"line":208,"column":35},"end":{"line":213,"column":33}}]},"47":{"type":"branch","line":217,"loc":{"start":{"line":217,"column":20},"end":{"line":217,"column":25}},"locations":[{"start":{"line":217,"column":20},"end":{"line":217,"column":25}}]},"48":{"type":"branch","line":181,"loc":{"start":{"line":181,"column":31},"end":{"line":181,"column":55}},"locations":[{"start":{"line":181,"column":31},"end":{"line":181,"column":55}}]}},"b":{"0":[5],"1":[0],"2":[0],"3":[1],"4":[1],"5":[4],"6":[4],"7":[0],"8":[10],"9":[0],"10":[8],"11":[2],"12":[6],"13":[0],"14":[6],"15":[0],"16":[6],"17":[0],"18":[2],"19":[2],"20":[2],"21":[2],"22":[8],"23":[0],"24":[2],"25":[2],"26":[8],"27":[2],"28":[8],"29":[2],"30":[0],"31":[2],"32":[8],"33":[2],"34":[8],"35":[2],"36":[8],"37":[2],"38":[8],"39":[0],"40":[2],"41":[1],"42":[1],"43":[0],"44":[0],"45":[0],"46":[0],"47":[8],"48":[1]},"fnMap":{"0":{"name":"ChatMessageList","decl":{"start":{"line":36,"column":24},"end":{"line":226,"column":2}},"loc":{"start":{"line":36,"column":24},"end":{"line":226,"column":2}},"line":36},"1":{"name":"toggle","decl":{"start":{"line":50,"column":17},"end":{"line":52,"column":4}},"loc":{"start":{"line":50,"column":17},"end":{"line":52,"column":4}},"line":50},"2":{"name":"onCopy","decl":{"start":{"line":163,"column":32},"end":{"line":163,"column":67}},"loc":{"start":{"line":163,"column":32},"end":{"line":163,"column":67}},"line":163},"3":{"name":"onRegenerate","decl":{"start":{"line":164,"column":38},"end":{"line":165,"column":58}},"loc":{"start":{"line":164,"column":38},"end":{"line":165,"column":58}},"line":164},"4":{"name":"onDelete","decl":{"start":{"line":167,"column":34},"end":{"line":167,"column":69}},"loc":{"start":{"line":167,"column":34},"end":{"line":167,"column":69}},"line":167},"5":{"name":"onClick","decl":{"start":{"line":181,"column":31},"end":{"line":181,"column":55}},"loc":{"start":{"line":181,"column":31},"end":{"line":181,"column":55}},"line":181}},"f":{"0":5,"1":1,"2":0,"3":0,"4":0,"5":1}}
,"/Volumes/GOBLINOS 1/apps/GoblinAssistant/src/utils/format-cost.ts": {"path":"/Volumes/GOBLINOS 1/apps/GoblinAssistant/src/utils/format-cost.ts","all":false,"statementMap":{"0":{"start":{"line":1,"column":0},"end":{"line":1,"column":69}},"1":{"start":{"line":2,"column":0},"end":{"line":2,"column":0}},"2":{"start":{"line":3,"column":0},"end":{"line":3,"column":29}},"3":{"start":{"line":4,"column":0},"end":{"line":4,"column":24}},"4":{"start":{"line":5,"column":0},"end":{"line":5,"column":1}},"5":{"start":{"line":6,"column":0},"end":{"line":6,"column":0}},"6":{"start":{"line":7,"column":0},"end":{"line":7,"column":56}},"7":{"start":{"line":8,"column":0},"end":{"line":8,"column":13}},"8":{"start":{"line":9,"column":0},"end":{"line":9,"column":19}},"9":{"start":{"line":10,"column":0},"end":{"line":10,"column":17}},"10":{"start":{"line":11,"column":0},"end":{"line":11,"column":2}},"11":{"start":{"line":12,"column":0},"end":{"line":12,"column":0}},"12":{"start":{"line":13,"column":0},"end":{"line":13,"column":82}},"13":{"start":{"line":14,"column":0},"end":{"line":14,"column":38}},"14":{"start":{"line":15,"column":0},"end":{"line":15,"column":41}},"15":{"start":{"line":16,"column":0},"end":{"line":16,"column":38}},"16":{"start":{"line":17,"column":0},"end":{"line":17,"column":2}}},"s":{"0":1,"1":1,"2":1,"3":1,"4":1,"5":1,"6":1,"7":1,"8":1,"9":1,"10":1,"11":1,"12":1,"13":2,"14":2,"15":2,"16":2},"branchMap":{"0":{"type":"branch","line":13,"loc":{"start":{"line":13,"column":26},"end":{"line":17,"column":2}},"locations":[{"start":{"line":13,"column":26},"end":{"line":17,"column":2}}]},"1":{"type":"branch","line":14,"loc":{"start":{"line":14,"column":24},"end":{"line":14,"column":38}},"locations":[{"start":{"line":14,"column":24},"end":{"line":14,"column":38}}]}},"b":{"0":[2],"1":[0]},"fnMap":{"0":{"name":"formatCost","decl":{"start":{"line":13,"column":26},"end":{"line":17,"column":2}},"loc":{"start":{"line":13,"column":26},"end":{"line":17,"column":2}},"line":13}},"f":{"0":2}}
}
