{"total": {"lines":{"total":19448,"covered":16621,"skipped":0,"pct":85.46},"statements":{"total":19448,"covered":16621,"skipped":0,"pct":85.46},"functions":{"total":707,"covered":478,"skipped":0,"pct":67.6},"branches":{"total":2211,"covered":1716,"skipped":0,"pct":77.61},"branchesTrue":{"total":0,"covered":0,"skipped":0,"pct":100}}
,"/Volumes/GOBLINOS 1/apps/GoblinAssistant/src/api/api-client.ts": {"lines":{"total":334,"covered":217,"skipped":0,"pct":64.97},"functions":{"total":33,"covered":6,"skipped":0,"pct":18.18},"statements":{"total":334,"covered":217,"skipped":0,"pct":64.97},"branches":{"total":45,"covered":31,"skipped":0,"pct":68.88}}
,"/Volumes/GOBLINOS 1/apps/GoblinAssistant/src/auth/AuthBootstrapper.tsx": {"lines":{"total":9,"covered":0,"skipped":0,"pct":0},"functions":{"total":1,"covered":0,"skipped":0,"pct":0},"statements":{"total":9,"covered":0,"skipped":0,"pct":0},"branches":{"total":1,"covered":0,"skipped":0,"pct":0}}
,"/Volumes/GOBLINOS 1/apps/GoblinAssistant/src/components/Card.tsx": {"lines":{"total":38,"covered":38,"skipped":0,"pct":100},"functions":{"total":1,"covered":1,"skipped":0,"pct":100},"statements":{"total":38,"covered":38,"skipped":0,"pct":100},"branches":{"total":6,"covered":1,"skipped":0,"pct":16.66}}
,"/Volumes/GOBLINOS 1/apps/GoblinAssistant/src/components/ContrastModeToggle.tsx": {"lines":{"total":56,"covered":56,"skipped":0,"pct":100},"functions":{"total":1,"covered":1,"skipped":0,"pct":100},"statements":{"total":56,"covered":56,"skipped":0,"pct":100},"branches":{"total":1,"covered":1,"skipped":0,"pct":100}}
,"/Volumes/GOBLINOS 1/apps/GoblinAssistant/src/components/EnhancedDashboard.tsx": {"lines":{"total":157,"covered":155,"skipped":0,"pct":98.72},"functions":{"total":2,"covered":1,"skipped":0,"pct":50},"statements":{"total":157,"covered":155,"skipped":0,"pct":98.72},"branches":{"total":11,"covered":9,"skipped":0,"pct":81.81}}
,"/Volumes/GOBLINOS 1/apps/GoblinAssistant/src/components/ErrorBoundary.tsx": {"lines":{"total":152,"covered":150,"skipped":0,"pct":98.68},"functions":{"total":8,"covered":5,"skipped":0,"pct":62.5},"statements":{"total":152,"covered":150,"skipped":0,"pct":98.68},"branches":{"total":13,"covered":11,"skipped":0,"pct":84.61}}
,"/Volumes/GOBLINOS 1/apps/GoblinAssistant/src/components/ErrorTestingPanel.tsx": {"lines":{"total":70,"covered":70,"skipped":0,"pct":100},"functions":{"total":2,"covered":2,"skipped":0,"pct":100},"statements":{"total":70,"covered":70,"skipped":0,"pct":100},"branches":{"total":2,"covered":2,"skipped":0,"pct":100}}
,"/Volumes/GOBLINOS 1/apps/GoblinAssistant/src/components/GoblinButtons.tsx": {"lines":{"total":3,"covered":0,"skipped":0,"pct":0},"functions":{"total":1,"covered":0,"skipped":0,"pct":0},"statements":{"total":3,"covered":0,"skipped":0,"pct":0},"branches":{"total":1,"covered":0,"skipped":0,"pct":0}}
,"/Volumes/GOBLINOS 1/apps/GoblinAssistant/src/components/HealthCard.tsx": {"lines":{"total":201,"covered":193,"skipped":0,"pct":96.01},"functions":{"total":3,"covered":2,"skipped":0,"pct":66.66},"statements":{"total":201,"covered":193,"skipped":0,"pct":96.01},"branches":{"total":9,"covered":8,"skipped":0,"pct":88.88}}
,"/Volumes/GOBLINOS 1/apps/GoblinAssistant/src/components/HealthHeader.tsx": {"lines":{"total":149,"covered":101,"skipped":0,"pct":67.78},"functions":{"total":3,"covered":3,"skipped":0,"pct":100},"statements":{"total":149,"covered":101,"skipped":0,"pct":67.78},"branches":{"total":11,"covered":3,"skipped":0,"pct":27.27}}
,"/Volumes/GOBLINOS 1/apps/GoblinAssistant/src/components/KeyboardShortcutsHelp.tsx": {"lines":{"total":40,"covered":0,"skipped":0,"pct":0},"functions":{"total":1,"covered":0,"skipped":0,"pct":0},"statements":{"total":40,"covered":0,"skipped":0,"pct":0},"branches":{"total":1,"covered":0,"skipped":0,"pct":0}}
,"/Volumes/GOBLINOS 1/apps/GoblinAssistant/src/components/Layout.tsx": {"lines":{"total":135,"covered":132,"skipped":0,"pct":97.77},"functions":{"total":6,"covered":5,"skipped":0,"pct":83.33},"statements":{"total":135,"covered":132,"skipped":0,"pct":97.77},"branches":{"total":12,"covered":12,"skipped":0,"pct":100}}
,"/Volumes/GOBLINOS 1/apps/GoblinAssistant/src/components/LoadingSkeleton.tsx": {"lines":{"total":194,"covered":194,"skipped":0,"pct":100},"functions":{"total":7,"covered":7,"skipped":0,"pct":100},"statements":{"total":194,"covered":194,"skipped":0,"pct":100},"branches":{"total":12,"covered":12,"skipped":0,"pct":100}}
,"/Volumes/GOBLINOS 1/apps/GoblinAssistant/src/components/Logo.tsx": {"lines":{"total":228,"covered":227,"skipped":0,"pct":99.56},"functions":{"total":3,"covered":3,"skipped":0,"pct":100},"statements":{"total":228,"covered":227,"skipped":0,"pct":99.56},"branches":{"total":19,"covered":15,"skipped":0,"pct":78.94}}
,"/Volumes/GOBLINOS 1/apps/GoblinAssistant/src/components/Navigation.tsx": {"lines":{"total":179,"covered":169,"skipped":0,"pct":94.41},"functions":{"total":5,"covered":2,"skipped":0,"pct":40},"statements":{"total":179,"covered":169,"skipped":0,"pct":94.41},"branches":{"total":23,"covered":23,"skipped":0,"pct":100}}
,"/Volumes/GOBLINOS 1/apps/GoblinAssistant/src/components/RouteBoundary.tsx": {"lines":{"total":317,"covered":298,"skipped":0,"pct":94},"functions":{"total":10,"covered":9,"skipped":0,"pct":90},"statements":{"total":317,"covered":298,"skipped":0,"pct":94},"branches":{"total":24,"covered":20,"skipped":0,"pct":83.33}}
,"/Volumes/GOBLINOS 1/apps/GoblinAssistant/src/components/Seo.tsx": {"lines":{"total":67,"covered":65,"skipped":0,"pct":97.01},"functions":{"total":3,"covered":3,"skipped":0,"pct":100},"statements":{"total":67,"covered":65,"skipped":0,"pct":97.01},"branches":{"total":12,"covered":7,"skipped":0,"pct":58.33}}
,"/Volumes/GOBLINOS 1/apps/GoblinAssistant/src/components/Sparkline.tsx": {"lines":{"total":88,"covered":88,"skipped":0,"pct":100},"functions":{"total":1,"covered":1,"skipped":0,"pct":100},"statements":{"total":88,"covered":88,"skipped":0,"pct":100},"branches":{"total":18,"covered":18,"skipped":0,"pct":100}}
,"/Volumes/GOBLINOS 1/apps/GoblinAssistant/src/components/StatCard.tsx": {"lines":{"total":33,"covered":33,"skipped":0,"pct":100},"functions":{"total":1,"covered":1,"skipped":0,"pct":100},"statements":{"total":33,"covered":33,"skipped":0,"pct":100},"branches":{"total":5,"covered":5,"skipped":0,"pct":100}}
,"/Volumes/GOBLINOS 1/apps/GoblinAssistant/src/components/StatusCard.tsx": {"lines":{"total":149,"covered":145,"skipped":0,"pct":97.31},"functions":{"total":2,"covered":2,"skipped":0,"pct":100},"statements":{"total":149,"covered":145,"skipped":0,"pct":97.31},"branches":{"total":14,"covered":13,"skipped":0,"pct":92.85}}
,"/Volumes/GOBLINOS 1/apps/GoblinAssistant/src/components/TerminalShowcase.tsx": {"lines":{"total":47,"covered":47,"skipped":0,"pct":100},"functions":{"total":1,"covered":1,"skipped":0,"pct":100},"statements":{"total":47,"covered":47,"skipped":0,"pct":100},"branches":{"total":4,"covered":3,"skipped":0,"pct":75}}
,"/Volumes/GOBLINOS 1/apps/GoblinAssistant/src/components/ThemePreview.tsx": {"lines":{"total":103,"covered":101,"skipped":0,"pct":98.05},"functions":{"total":2,"covered":2,"skipped":0,"pct":100},"statements":{"total":103,"covered":101,"skipped":0,"pct":98.05},"branches":{"total":12,"covered":11,"skipped":0,"pct":91.66}}
,"/Volumes/GOBLINOS 1/apps/GoblinAssistant/src/components/ToastContainer.tsx": {"lines":{"total":19,"covered":0,"skipped":0,"pct":0},"functions":{"total":1,"covered":0,"skipped":0,"pct":0},"statements":{"total":19,"covered":0,"skipped":0,"pct":0},"branches":{"total":1,"covered":0,"skipped":0,"pct":0}}
,"/Volumes/GOBLINOS 1/apps/GoblinAssistant/src/components/ToastItem.tsx": {"lines":{"total":70,"covered":69,"skipped":0,"pct":98.57},"functions":{"total":4,"covered":4,"skipped":0,"pct":100},"statements":{"total":70,"covered":69,"skipped":0,"pct":98.57},"branches":{"total":12,"covered":11,"skipped":0,"pct":91.66}}
,"/Volumes/GOBLINOS 1/apps/GoblinAssistant/src/components/TurnstileWidget.tsx": {"lines":{"total":195,"covered":104,"skipped":0,"pct":53.33},"functions":{"total":7,"covered":1,"skipped":0,"pct":14.28},"statements":{"total":195,"covered":104,"skipped":0,"pct":53.33},"branches":{"total":17,"covered":14,"skipped":0,"pct":82.35}}
,"/Volumes/GOBLINOS 1/apps/GoblinAssistant/src/components/TwoColumnLayout.tsx": {"lines":{"total":50,"covered":50,"skipped":0,"pct":100},"functions":{"total":1,"covered":1,"skipped":0,"pct":100},"statements":{"total":50,"covered":50,"skipped":0,"pct":100},"branches":{"total":1,"covered":1,"skipped":0,"pct":100}}
,"/Volumes/GOBLINOS 1/apps/GoblinAssistant/src/components/UiLibraryDemo.tsx": {"lines":{"total":38,"covered":38,"skipped":0,"pct":100},"functions":{"total":1,"covered":1,"skipped":0,"pct":100},"statements":{"total":38,"covered":38,"skipped":0,"pct":100},"branches":{"total":1,"covered":1,"skipped":0,"pct":100}}
,"/Volumes/GOBLINOS 1/apps/GoblinAssistant/src/components/keyboardshortcutshelp.tsx": {"lines":{"total":40,"covered":40,"skipped":0,"pct":100},"functions":{"total":1,"covered":1,"skipped":0,"pct":100},"statements":{"total":40,"covered":40,"skipped":0,"pct":100},"branches":{"total":2,"covered":2,"skipped":0,"pct":100}}
,"/Volumes/GOBLINOS 1/apps/GoblinAssistant/src/components/Auth/APIKeyManager.tsx": {"lines":{"total":100,"covered":100,"skipped":0,"pct":100},"functions":{"total":7,"covered":7,"skipped":0,"pct":100},"statements":{"total":100,"covered":100,"skipped":0,"pct":100},"branches":{"total":19,"covered":15,"skipped":0,"pct":78.94}}
,"/Volumes/GOBLINOS 1/apps/GoblinAssistant/src/components/Auth/AuthPrompt.tsx": {"lines":{"total":147,"covered":119,"skipped":0,"pct":80.95},"functions":{"total":3,"covered":1,"skipped":0,"pct":33.33},"statements":{"total":147,"covered":119,"skipped":0,"pct":80.95},"branches":{"total":12,"covered":11,"skipped":0,"pct":91.66}}
,"/Volumes/GOBLINOS 1/apps/GoblinAssistant/src/components/Auth/Divider.tsx": {"lines":{"total":16,"covered":16,"skipped":0,"pct":100},"functions":{"total":1,"covered":1,"skipped":0,"pct":100},"statements":{"total":16,"covered":16,"skipped":0,"pct":100},"branches":{"total":1,"covered":1,"skipped":0,"pct":100}}
,"/Volumes/GOBLINOS 1/apps/GoblinAssistant/src/components/Auth/EmailPasswordForm.tsx": {"lines":{"total":137,"covered":137,"skipped":0,"pct":100},"functions":{"total":6,"covered":6,"skipped":0,"pct":100},"statements":{"total":137,"covered":137,"skipped":0,"pct":100},"branches":{"total":30,"covered":30,"skipped":0,"pct":100}}
,"/Volumes/GOBLINOS 1/apps/GoblinAssistant/src/components/Auth/LoginHeader.tsx": {"lines":{"total":27,"covered":27,"skipped":0,"pct":100},"functions":{"total":1,"covered":1,"skipped":0,"pct":100},"statements":{"total":27,"covered":27,"skipped":0,"pct":100},"branches":{"total":5,"covered":5,"skipped":0,"pct":100}}
,"/Volumes/GOBLINOS 1/apps/GoblinAssistant/src/components/Auth/ModularLoginForm.tsx": {"lines":{"total":169,"covered":104,"skipped":0,"pct":61.53},"functions":{"total":7,"covered":2,"skipped":0,"pct":28.57},"statements":{"total":169,"covered":104,"skipped":0,"pct":61.53},"branches":{"total":7,"covered":7,"skipped":0,"pct":100}}
,"/Volumes/GOBLINOS 1/apps/GoblinAssistant/src/components/Auth/PasskeyPanel.tsx": {"lines":{"total":211,"covered":130,"skipped":0,"pct":61.61},"functions":{"total":8,"covered":5,"skipped":0,"pct":62.5},"statements":{"total":211,"covered":130,"skipped":0,"pct":61.61},"branches":{"total":25,"covered":10,"skipped":0,"pct":40}}
,"/Volumes/GOBLINOS 1/apps/GoblinAssistant/src/components/Auth/SocialLoginButtons.tsx": {"lines":{"total":51,"covered":51,"skipped":0,"pct":100},"functions":{"total":1,"covered":1,"skipped":0,"pct":100},"statements":{"total":51,"covered":51,"skipped":0,"pct":100},"branches":{"total":1,"covered":1,"skipped":0,"pct":100}}
,"/Volumes/GOBLINOS 1/apps/GoblinAssistant/src/components/common/ChartTooltip.tsx": {"lines":{"total":46,"covered":44,"skipped":0,"pct":95.65},"functions":{"total":1,"covered":1,"skipped":0,"pct":100},"statements":{"total":46,"covered":44,"skipped":0,"pct":95.65},"branches":{"total":7,"covered":4,"skipped":0,"pct":57.14}}
,"/Volumes/GOBLINOS 1/apps/GoblinAssistant/src/components/common/ModelSelector.tsx": {"lines":{"total":95,"covered":92,"skipped":0,"pct":96.84},"functions":{"total":2,"covered":2,"skipped":0,"pct":100},"statements":{"total":95,"covered":92,"skipped":0,"pct":96.84},"branches":{"total":14,"covered":11,"skipped":0,"pct":78.57}}
,"/Volumes/GOBLINOS 1/apps/GoblinAssistant/src/components/common/ProviderSelector.tsx": {"lines":{"total":44,"covered":44,"skipped":0,"pct":100},"functions":{"total":2,"covered":1,"skipped":0,"pct":50},"statements":{"total":44,"covered":44,"skipped":0,"pct":100},"branches":{"total":6,"covered":6,"skipped":0,"pct":100}}
,"/Volumes/GOBLINOS 1/apps/GoblinAssistant/src/components/cost/CostBreakdownChart.tsx": {"lines":{"total":74,"covered":63,"skipped":0,"pct":85.13},"functions":{"total":3,"covered":1,"skipped":0,"pct":33.33},"statements":{"total":74,"covered":63,"skipped":0,"pct":85.13},"branches":{"total":2,"covered":2,"skipped":0,"pct":100}}
,"/Volumes/GOBLINOS 1/apps/GoblinAssistant/src/components/cost/CostDisplay.tsx": {"lines":{"total":36,"covered":36,"skipped":0,"pct":100},"functions":{"total":1,"covered":1,"skipped":0,"pct":100},"statements":{"total":36,"covered":36,"skipped":0,"pct":100},"branches":{"total":2,"covered":2,"skipped":0,"pct":100}}
,"/Volumes/GOBLINOS 1/apps/GoblinAssistant/src/components/cost/CostEstimationPanel.tsx": {"lines":{"total":95,"covered":95,"skipped":0,"pct":100},"functions":{"total":2,"covered":2,"skipped":0,"pct":100},"statements":{"total":95,"covered":95,"skipped":0,"pct":100},"branches":{"total":9,"covered":9,"skipped":0,"pct":100}}
,"/Volumes/GOBLINOS 1/apps/GoblinAssistant/src/components/cost/CostPanel.tsx": {"lines":{"total":39,"covered":39,"skipped":0,"pct":100},"functions":{"total":1,"covered":1,"skipped":0,"pct":100},"statements":{"total":39,"covered":39,"skipped":0,"pct":100},"branches":{"total":5,"covered":5,"skipped":0,"pct":100}}
,"/Volumes/GOBLINOS 1/apps/GoblinAssistant/src/components/cost/CostRateLimit.tsx": {"lines":{"total":21,"covered":21,"skipped":0,"pct":100},"functions":{"total":1,"covered":1,"skipped":0,"pct":100},"statements":{"total":21,"covered":21,"skipped":0,"pct":100},"branches":{"total":1,"covered":1,"skipped":0,"pct":100}}
,"/Volumes/GOBLINOS 1/apps/GoblinAssistant/src/components/cost/CostStreaming.tsx": {"lines":{"total":22,"covered":22,"skipped":0,"pct":100},"functions":{"total":1,"covered":1,"skipped":0,"pct":100},"statements":{"total":22,"covered":22,"skipped":0,"pct":100},"branches":{"total":3,"covered":3,"skipped":0,"pct":100}}
,"/Volumes/GOBLINOS 1/apps/GoblinAssistant/src/components/cost/CostSummary.tsx": {"lines":{"total":29,"covered":29,"skipped":0,"pct":100},"functions":{"total":1,"covered":1,"skipped":0,"pct":100},"statements":{"total":29,"covered":29,"skipped":0,"pct":100},"branches":{"total":3,"covered":3,"skipped":0,"pct":100}}
,"/Volumes/GOBLINOS 1/apps/GoblinAssistant/src/components/cost/ProviderUsageChart.tsx": {"lines":{"total":131,"covered":103,"skipped":0,"pct":78.62},"functions":{"total":4,"covered":1,"skipped":0,"pct":25},"statements":{"total":131,"covered":103,"skipped":0,"pct":78.62},"branches":{"total":6,"covered":6,"skipped":0,"pct":100}}
,"/Volumes/GOBLINOS 1/apps/GoblinAssistant/src/components/cost/chartPalette.ts": {"lines":{"total":11,"covered":11,"skipped":0,"pct":100},"functions":{"total":1,"covered":1,"skipped":0,"pct":100},"statements":{"total":11,"covered":11,"skipped":0,"pct":100},"branches":{"total":1,"covered":1,"skipped":0,"pct":100}}
,"/Volumes/GOBLINOS 1/apps/GoblinAssistant/src/components/dashboard/CostOverviewBanner.tsx": {"lines":{"total":45,"covered":45,"skipped":0,"pct":100},"functions":{"total":1,"covered":1,"skipped":0,"pct":100},"statements":{"total":45,"covered":45,"skipped":0,"pct":100},"branches":{"total":2,"covered":2,"skipped":0,"pct":100}}
,"/Volumes/GOBLINOS 1/apps/GoblinAssistant/src/components/dashboard/DashboardError.tsx": {"lines":{"total":18,"covered":18,"skipped":0,"pct":100},"functions":{"total":1,"covered":1,"skipped":0,"pct":100},"statements":{"total":18,"covered":18,"skipped":0,"pct":100},"branches":{"total":1,"covered":1,"skipped":0,"pct":100}}
,"/Volumes/GOBLINOS 1/apps/GoblinAssistant/src/components/dashboard/DashboardHeader.tsx": {"lines":{"total":29,"covered":29,"skipped":0,"pct":100},"functions":{"total":1,"covered":1,"skipped":0,"pct":100},"statements":{"total":29,"covered":29,"skipped":0,"pct":100},"branches":{"total":7,"covered":7,"skipped":0,"pct":100}}
,"/Volumes/GOBLINOS 1/apps/GoblinAssistant/src/components/dashboard/StatusCardsGrid.tsx": {"lines":{"total":39,"covered":39,"skipped":0,"pct":100},"functions":{"total":2,"covered":2,"skipped":0,"pct":100},"statements":{"total":39,"covered":39,"skipped":0,"pct":100},"branches":{"total":13,"covered":8,"skipped":0,"pct":61.53}}
,"/Volumes/GOBLINOS 1/apps/GoblinAssistant/src/components/error-testing/ErrorTestButtons.tsx": {"lines":{"total":64,"covered":64,"skipped":0,"pct":100},"functions":{"total":1,"covered":1,"skipped":0,"pct":100},"statements":{"total":64,"covered":64,"skipped":0,"pct":100},"branches":{"total":1,"covered":1,"skipped":0,"pct":100}}
,"/Volumes/GOBLINOS 1/apps/GoblinAssistant/src/components/error-testing/ErrorTestResults.tsx": {"lines":{"total":35,"covered":0,"skipped":0,"pct":0},"functions":{"total":1,"covered":0,"skipped":0,"pct":0},"statements":{"total":35,"covered":0,"skipped":0,"pct":0},"branches":{"total":1,"covered":0,"skipped":0,"pct":0}}
,"/Volumes/GOBLINOS 1/apps/GoblinAssistant/src/components/error-testing/errortestresults.tsx": {"lines":{"total":35,"covered":35,"skipped":0,"pct":100},"functions":{"total":1,"covered":1,"skipped":0,"pct":100},"statements":{"total":35,"covered":35,"skipped":0,"pct":100},"branches":{"total":6,"covered":6,"skipped":0,"pct":100}}
,"/Volumes/GOBLINOS 1/apps/GoblinAssistant/src/components/goblin-buttons/GhostButton.tsx": {"lines":{"total":34,"covered":34,"skipped":0,"pct":100},"functions":{"total":1,"covered":1,"skipped":0,"pct":100},"statements":{"total":34,"covered":34,"skipped":0,"pct":100},"branches":{"total":1,"covered":1,"skipped":0,"pct":100}}
,"/Volumes/GOBLINOS 1/apps/GoblinAssistant/src/components/goblin-buttons/GoblinButton.tsx": {"lines":{"total":28,"covered":28,"skipped":0,"pct":100},"functions":{"total":1,"covered":1,"skipped":0,"pct":100},"statements":{"total":28,"covered":28,"skipped":0,"pct":100},"branches":{"total":1,"covered":1,"skipped":0,"pct":100}}
,"/Volumes/GOBLINOS 1/apps/GoblinAssistant/src/components/goblin-buttons/IconButton.tsx": {"lines":{"total":20,"covered":0,"skipped":0,"pct":0},"functions":{"total":1,"covered":0,"skipped":0,"pct":0},"statements":{"total":20,"covered":0,"skipped":0,"pct":0},"branches":{"total":1,"covered":0,"skipped":0,"pct":0}}
,"/Volumes/GOBLINOS 1/apps/GoblinAssistant/src/components/goblin-buttons/buttonStyles.ts": {"lines":{"total":24,"covered":24,"skipped":0,"pct":100},"functions":{"total":1,"covered":1,"skipped":0,"pct":100},"statements":{"total":24,"covered":24,"skipped":0,"pct":100},"branches":{"total":9,"covered":9,"skipped":0,"pct":100}}
,"/Volumes/GOBLINOS 1/apps/GoblinAssistant/src/components/modular/ModularCard.tsx": {"lines":{"total":20,"covered":20,"skipped":0,"pct":100},"functions":{"total":1,"covered":1,"skipped":0,"pct":100},"statements":{"total":20,"covered":20,"skipped":0,"pct":100},"branches":{"total":1,"covered":1,"skipped":0,"pct":100}}
,"/Volumes/GOBLINOS 1/apps/GoblinAssistant/src/components/modular/utils.ts": {"lines":{"total":5,"covered":5,"skipped":0,"pct":100},"functions":{"total":2,"covered":2,"skipped":0,"pct":100},"statements":{"total":5,"covered":5,"skipped":0,"pct":100},"branches":{"total":2,"covered":2,"skipped":0,"pct":100}}
,"/Volumes/GOBLINOS 1/apps/GoblinAssistant/src/components/raptor/RaptorMiniPanel.tsx": {"lines":{"total":142,"covered":136,"skipped":0,"pct":95.77},"functions":{"total":7,"covered":7,"skipped":0,"pct":100},"statements":{"total":142,"covered":136,"skipped":0,"pct":95.77},"branches":{"total":23,"covered":18,"skipped":0,"pct":78.26}}
,"/Volumes/GOBLINOS 1/apps/GoblinAssistant/src/components/streaming/StreamingView.tsx": {"lines":{"total":99,"covered":86,"skipped":0,"pct":86.86},"functions":{"total":3,"covered":2,"skipped":0,"pct":66.66},"statements":{"total":99,"covered":86,"skipped":0,"pct":86.86},"branches":{"total":14,"covered":7,"skipped":0,"pct":50}}
,"/Volumes/GOBLINOS 1/apps/GoblinAssistant/src/components/streaming/streamingUtils.ts": {"lines":{"total":22,"covered":22,"skipped":0,"pct":100},"functions":{"total":2,"covered":2,"skipped":0,"pct":100},"statements":{"total":22,"covered":22,"skipped":0,"pct":100},"branches":{"total":5,"covered":5,"skipped":0,"pct":100}}
,"/Volumes/GOBLINOS 1/apps/GoblinAssistant/src/components/ui/Alert.tsx": {"lines":{"total":80,"covered":80,"skipped":0,"pct":100},"functions":{"total":1,"covered":1,"skipped":0,"pct":100},"statements":{"total":80,"covered":80,"skipped":0,"pct":100},"branches":{"total":5,"covered":4,"skipped":0,"pct":80}}
,"/Volumes/GOBLINOS 1/apps/GoblinAssistant/src/components/ui/Badge.tsx": {"lines":{"total":61,"covered":61,"skipped":0,"pct":100},"functions":{"total":1,"covered":1,"skipped":0,"pct":100},"statements":{"total":61,"covered":61,"skipped":0,"pct":100},"branches":{"total":1,"covered":1,"skipped":0,"pct":100}}
,"/Volumes/GOBLINOS 1/apps/GoblinAssistant/src/components/ui/Button.tsx": {"lines":{"total":80,"covered":80,"skipped":0,"pct":100},"functions":{"total":0,"covered":0,"skipped":0,"pct":100},"statements":{"total":80,"covered":80,"skipped":0,"pct":100},"branches":{"total":5,"covered":5,"skipped":0,"pct":100}}
,"/Volumes/GOBLINOS 1/apps/GoblinAssistant/src/components/ui/Dialog.tsx": {"lines":{"total":111,"covered":111,"skipped":0,"pct":100},"functions":{"total":0,"covered":0,"skipped":0,"pct":100},"statements":{"total":111,"covered":111,"skipped":0,"pct":100},"branches":{"total":0,"covered":0,"skipped":0,"pct":100}}
,"/Volumes/GOBLINOS 1/apps/GoblinAssistant/src/components/ui/Grid.tsx": {"lines":{"total":59,"covered":59,"skipped":0,"pct":100},"functions":{"total":1,"covered":1,"skipped":0,"pct":100},"statements":{"total":59,"covered":59,"skipped":0,"pct":100},"branches":{"total":1,"covered":1,"skipped":0,"pct":100}}
,"/Volumes/GOBLINOS 1/apps/GoblinAssistant/src/components/ui/IconButton.tsx": {"lines":{"total":65,"covered":65,"skipped":0,"pct":100},"functions":{"total":0,"covered":0,"skipped":0,"pct":100},"statements":{"total":65,"covered":65,"skipped":0,"pct":100},"branches":{"total":1,"covered":1,"skipped":0,"pct":100}}
,"/Volumes/GOBLINOS 1/apps/GoblinAssistant/src/components/ui/Label.tsx": {"lines":{"total":38,"covered":38,"skipped":0,"pct":100},"functions":{"total":0,"covered":0,"skipped":0,"pct":100},"statements":{"total":38,"covered":38,"skipped":0,"pct":100},"branches":{"total":0,"covered":0,"skipped":0,"pct":100}}
,"/Volumes/GOBLINOS 1/apps/GoblinAssistant/src/components/ui/Select.tsx": {"lines":{"total":193,"covered":193,"skipped":0,"pct":100},"functions":{"total":0,"covered":0,"skipped":0,"pct":100},"statements":{"total":193,"covered":193,"skipped":0,"pct":100},"branches":{"total":0,"covered":0,"skipped":0,"pct":100}}
,"/Volumes/GOBLINOS 1/apps/GoblinAssistant/src/components/ui/Tooltip.tsx": {"lines":{"total":102,"covered":102,"skipped":0,"pct":100},"functions":{"total":3,"covered":3,"skipped":0,"pct":100},"statements":{"total":102,"covered":102,"skipped":0,"pct":100},"branches":{"total":19,"covered":17,"skipped":0,"pct":89.47}}
,"/Volumes/GOBLINOS 1/apps/GoblinAssistant/src/components/ui/card.tsx": {"lines":{"total":80,"covered":80,"skipped":0,"pct":100},"functions":{"total":0,"covered":0,"skipped":0,"pct":100},"statements":{"total":80,"covered":80,"skipped":0,"pct":100},"branches":{"total":0,"covered":0,"skipped":0,"pct":100}}
,"/Volumes/GOBLINOS 1/apps/GoblinAssistant/src/components/ui/input.tsx": {"lines":{"total":52,"covered":52,"skipped":0,"pct":100},"functions":{"total":0,"covered":0,"skipped":0,"pct":100},"statements":{"total":52,"covered":52,"skipped":0,"pct":100},"branches":{"total":1,"covered":1,"skipped":0,"pct":100}}
,"/Volumes/GOBLINOS 1/apps/GoblinAssistant/src/components/workflow/WorkflowModeToggle.tsx": {"lines":{"total":17,"covered":0,"skipped":0,"pct":0},"functions":{"total":1,"covered":0,"skipped":0,"pct":0},"statements":{"total":17,"covered":0,"skipped":0,"pct":0},"branches":{"total":1,"covered":0,"skipped":0,"pct":0}}
,"/Volumes/GOBLINOS 1/apps/GoblinAssistant/src/components/workflow/WorkflowTextMode.tsx": {"lines":{"total":7,"covered":0,"skipped":0,"pct":0},"functions":{"total":1,"covered":0,"skipped":0,"pct":0},"statements":{"total":7,"covered":0,"skipped":0,"pct":0},"branches":{"total":1,"covered":0,"skipped":0,"pct":0}}
,"/Volumes/GOBLINOS 1/apps/GoblinAssistant/src/config/auth.ts": {"lines":{"total":11,"covered":0,"skipped":0,"pct":0},"functions":{"total":1,"covered":0,"skipped":0,"pct":0},"statements":{"total":11,"covered":0,"skipped":0,"pct":0},"branches":{"total":1,"covered":0,"skipped":0,"pct":0}}
,"/Volumes/GOBLINOS 1/apps/GoblinAssistant/src/config/backendOrigin.ts": {"lines":{"total":31,"covered":31,"skipped":0,"pct":100},"functions":{"total":4,"covered":4,"skipped":0,"pct":100},"statements":{"total":31,"covered":31,"skipped":0,"pct":100},"branches":{"total":10,"covered":10,"skipped":0,"pct":100}}
,"/Volumes/GOBLINOS 1/apps/GoblinAssistant/src/config/env.ts": {"lines":{"total":131,"covered":116,"skipped":0,"pct":88.54},"functions":{"total":2,"covered":2,"skipped":0,"pct":100},"statements":{"total":131,"covered":116,"skipped":0,"pct":88.54},"branches":{"total":12,"covered":4,"skipped":0,"pct":33.33}}
,"/Volumes/GOBLINOS 1/apps/GoblinAssistant/src/config/features.ts": {"lines":{"total":47,"covered":43,"skipped":0,"pct":91.48},"functions":{"total":2,"covered":0,"skipped":0,"pct":0},"statements":{"total":47,"covered":43,"skipped":0,"pct":91.48},"branches":{"total":2,"covered":0,"skipped":0,"pct":0}}
,"/Volumes/GOBLINOS 1/apps/GoblinAssistant/src/config/turnstile.ts": {"lines":{"total":60,"covered":60,"skipped":0,"pct":100},"functions":{"total":2,"covered":2,"skipped":0,"pct":100},"statements":{"total":60,"covered":60,"skipped":0,"pct":100},"branches":{"total":10,"covered":10,"skipped":0,"pct":100}}
,"/Volumes/GOBLINOS 1/apps/GoblinAssistant/src/content/brand.ts": {"lines":{"total":88,"covered":88,"skipped":0,"pct":100},"functions":{"total":0,"covered":0,"skipped":0,"pct":100},"statements":{"total":88,"covered":88,"skipped":0,"pct":100},"branches":{"total":0,"covered":0,"skipped":0,"pct":100}}
,"/Volumes/GOBLINOS 1/apps/GoblinAssistant/src/contexts/ProviderContext.tsx": {"lines":{"total":84,"covered":82,"skipped":0,"pct":97.61},"functions":{"total":4,"covered":2,"skipped":0,"pct":50},"statements":{"total":84,"covered":82,"skipped":0,"pct":97.61},"branches":{"total":3,"covered":2,"skipped":0,"pct":66.66}}
,"/Volumes/GOBLINOS 1/apps/GoblinAssistant/src/contexts/ToastContext.tsx": {"lines":{"total":106,"covered":106,"skipped":0,"pct":100},"functions":{"total":2,"covered":2,"skipped":0,"pct":100},"statements":{"total":106,"covered":106,"skipped":0,"pct":100},"branches":{"total":16,"covered":16,"skipped":0,"pct":100}}
,"/Volumes/GOBLINOS 1/apps/GoblinAssistant/src/domain/chat.ts": {"lines":{"total":50,"covered":0,"skipped":0,"pct":0},"functions":{"total":1,"covered":0,"skipped":0,"pct":0},"statements":{"total":50,"covered":0,"skipped":0,"pct":0},"branches":{"total":1,"covered":0,"skipped":0,"pct":0}}
,"/Volumes/GOBLINOS 1/apps/GoblinAssistant/src/domain/search.ts": {"lines":{"total":9,"covered":0,"skipped":0,"pct":0},"functions":{"total":1,"covered":0,"skipped":0,"pct":0},"statements":{"total":9,"covered":0,"skipped":0,"pct":0},"branches":{"total":1,"covered":0,"skipped":0,"pct":0}}
,"/Volumes/GOBLINOS 1/apps/GoblinAssistant/src/domain/user.ts": {"lines":{"total":6,"covered":0,"skipped":0,"pct":0},"functions":{"total":1,"covered":0,"skipped":0,"pct":0},"statements":{"total":6,"covered":0,"skipped":0,"pct":0},"branches":{"total":1,"covered":0,"skipped":0,"pct":0}}
,"/Volumes/GOBLINOS 1/apps/GoblinAssistant/src/features/account/AccountScreen.tsx": {"lines":{"total":13,"covered":0,"skipped":0,"pct":0},"functions":{"total":1,"covered":0,"skipped":0,"pct":0},"statements":{"total":13,"covered":0,"skipped":0,"pct":0},"branches":{"total":1,"covered":0,"skipped":0,"pct":0}}
,"/Volumes/GOBLINOS 1/apps/GoblinAssistant/src/features/account/components/AccountBillingCard.tsx": {"lines":{"total":16,"covered":0,"skipped":0,"pct":0},"functions":{"total":1,"covered":0,"skipped":0,"pct":0},"statements":{"total":16,"covered":0,"skipped":0,"pct":0},"branches":{"total":1,"covered":0,"skipped":0,"pct":0}}
,"/Volumes/GOBLINOS 1/apps/GoblinAssistant/src/features/account/components/AccountPreferences.tsx": {"lines":{"total":49,"covered":49,"skipped":0,"pct":100},"functions":{"total":1,"covered":1,"skipped":0,"pct":100},"statements":{"total":49,"covered":49,"skipped":0,"pct":100},"branches":{"total":2,"covered":2,"skipped":0,"pct":100}}
,"/Volumes/GOBLINOS 1/apps/GoblinAssistant/src/features/account/components/AccountProfileForm.tsx": {"lines":{"total":70,"covered":70,"skipped":0,"pct":100},"functions":{"total":1,"covered":1,"skipped":0,"pct":100},"statements":{"total":70,"covered":70,"skipped":0,"pct":100},"branches":{"total":3,"covered":3,"skipped":0,"pct":100}}
,"/Volumes/GOBLINOS 1/apps/GoblinAssistant/src/features/account/components/AccountView.tsx": {"lines":{"total":40,"covered":40,"skipped":0,"pct":100},"functions":{"total":0,"covered":0,"skipped":0,"pct":100},"statements":{"total":40,"covered":40,"skipped":0,"pct":100},"branches":{"total":0,"covered":0,"skipped":0,"pct":100}}
,"/Volumes/GOBLINOS 1/apps/GoblinAssistant/src/features/account/hooks/useAccountProfile.ts": {"lines":{"total":73,"covered":73,"skipped":0,"pct":100},"functions":{"total":1,"covered":1,"skipped":0,"pct":100},"statements":{"total":73,"covered":73,"skipped":0,"pct":100},"branches":{"total":12,"covered":12,"skipped":0,"pct":100}}
,"/Volumes/GOBLINOS 1/apps/GoblinAssistant/src/features/admin/providers/ProvidersManagerScreen.tsx": {"lines":{"total":154,"covered":114,"skipped":0,"pct":74.02},"functions":{"total":5,"covered":1,"skipped":0,"pct":20},"statements":{"total":154,"covered":114,"skipped":0,"pct":74.02},"branches":{"total":6,"covered":1,"skipped":0,"pct":16.66}}
,"/Volumes/GOBLINOS 1/apps/GoblinAssistant/src/features/admin/providers/components/ProviderDetails.tsx": {"lines":{"total":97,"covered":97,"skipped":0,"pct":100},"functions":{"total":3,"covered":3,"skipped":0,"pct":100},"statements":{"total":97,"covered":97,"skipped":0,"pct":100},"branches":{"total":16,"covered":15,"skipped":0,"pct":93.75}}
,"/Volumes/GOBLINOS 1/apps/GoblinAssistant/src/features/admin/providers/components/ProviderPromptTest.tsx": {"lines":{"total":56,"covered":56,"skipped":0,"pct":100},"functions":{"total":2,"covered":2,"skipped":0,"pct":100},"statements":{"total":56,"covered":56,"skipped":0,"pct":100},"branches":{"total":4,"covered":4,"skipped":0,"pct":100}}
,"/Volumes/GOBLINOS 1/apps/GoblinAssistant/src/features/admin/providers/components/ProviderSidebar.tsx": {"lines":{"total":159,"covered":156,"skipped":0,"pct":98.11},"functions":{"total":5,"covered":2,"skipped":0,"pct":40},"statements":{"total":159,"covered":156,"skipped":0,"pct":98.11},"branches":{"total":21,"covered":16,"skipped":0,"pct":76.19}}
,"/Volumes/GOBLINOS 1/apps/GoblinAssistant/src/features/admin/providers/components/ProviderTestResultBanner.tsx": {"lines":{"total":55,"covered":55,"skipped":0,"pct":100},"functions":{"total":1,"covered":1,"skipped":0,"pct":100},"statements":{"total":55,"covered":55,"skipped":0,"pct":100},"branches":{"total":13,"covered":13,"skipped":0,"pct":100}}
,"/Volumes/GOBLINOS 1/apps/GoblinAssistant/src/features/admin/providers/hooks/useProviderMutations.ts": {"lines":{"total":156,"covered":110,"skipped":0,"pct":70.51},"functions":{"total":15,"covered":9,"skipped":0,"pct":60},"statements":{"total":156,"covered":110,"skipped":0,"pct":70.51},"branches":{"total":17,"covered":14,"skipped":0,"pct":82.35}}
,"/Volumes/GOBLINOS 1/apps/GoblinAssistant/src/features/admin/providers/hooks/useProviderReorder.ts": {"lines":{"total":49,"covered":0,"skipped":0,"pct":0},"functions":{"total":1,"covered":0,"skipped":0,"pct":0},"statements":{"total":49,"covered":0,"skipped":0,"pct":0},"branches":{"total":1,"covered":0,"skipped":0,"pct":0}}
,"/Volumes/GOBLINOS 1/apps/GoblinAssistant/src/features/admin/providers/hooks/useproviderreorder.ts": {"lines":{"total":49,"covered":49,"skipped":0,"pct":100},"functions":{"total":1,"covered":1,"skipped":0,"pct":100},"statements":{"total":49,"covered":49,"skipped":0,"pct":100},"branches":{"total":13,"covered":13,"skipped":0,"pct":100}}
,"/Volumes/GOBLINOS 1/apps/GoblinAssistant/src/features/chat/ChatScreen.tsx": {"lines":{"total":14,"covered":0,"skipped":0,"pct":0},"functions":{"total":1,"covered":0,"skipped":0,"pct":0},"statements":{"total":14,"covered":0,"skipped":0,"pct":0},"branches":{"total":1,"covered":0,"skipped":0,"pct":0}}
,"/Volumes/GOBLINOS 1/apps/GoblinAssistant/src/features/chat/components/AuthRequired.tsx": {"lines":{"total":58,"covered":58,"skipped":0,"pct":100},"functions":{"total":1,"covered":1,"skipped":0,"pct":100},"statements":{"total":58,"covered":58,"skipped":0,"pct":100},"branches":{"total":1,"covered":1,"skipped":0,"pct":100}}
,"/Volumes/GOBLINOS 1/apps/GoblinAssistant/src/features/chat/components/ChatComposer.tsx": {"lines":{"total":242,"covered":235,"skipped":0,"pct":97.1},"functions":{"total":6,"covered":4,"skipped":0,"pct":66.66},"statements":{"total":242,"covered":235,"skipped":0,"pct":97.1},"branches":{"total":20,"covered":18,"skipped":0,"pct":90}}
,"/Volumes/GOBLINOS 1/apps/GoblinAssistant/src/features/chat/components/ChatEmptyState.tsx": {"lines":{"total":81,"covered":81,"skipped":0,"pct":100},"functions":{"total":2,"covered":2,"skipped":0,"pct":100},"statements":{"total":81,"covered":81,"skipped":0,"pct":100},"branches":{"total":5,"covered":5,"skipped":0,"pct":100}}
,"/Volumes/GOBLINOS 1/apps/GoblinAssistant/src/features/chat/components/ChatErrorBubble.tsx": {"lines":{"total":54,"covered":54,"skipped":0,"pct":100},"functions":{"total":1,"covered":1,"skipped":0,"pct":100},"statements":{"total":54,"covered":54,"skipped":0,"pct":100},"branches":{"total":1,"covered":1,"skipped":0,"pct":100}}
,"/Volumes/GOBLINOS 1/apps/GoblinAssistant/src/features/chat/components/ChatHeader.tsx": {"lines":{"total":80,"covered":80,"skipped":0,"pct":100},"functions":{"total":0,"covered":0,"skipped":0,"pct":100},"statements":{"total":80,"covered":80,"skipped":0,"pct":100},"branches":{"total":6,"covered":6,"skipped":0,"pct":100}}
,"/Volumes/GOBLINOS 1/apps/GoblinAssistant/src/features/chat/components/ChatMessageList.tsx": {"lines":{"total":248,"covered":207,"skipped":0,"pct":83.46},"functions":{"total":6,"covered":3,"skipped":0,"pct":50},"statements":{"total":248,"covered":207,"skipped":0,"pct":83.46},"branches":{"total":51,"covered":36,"skipped":0,"pct":70.58}}
,"/Volumes/GOBLINOS 1/apps/GoblinAssistant/src/features/chat/components/ChatSidebar.tsx": {"lines":{"total":123,"covered":123,"skipped":0,"pct":100},"functions":{"total":1,"covered":1,"skipped":0,"pct":100},"statements":{"total":123,"covered":123,"skipped":0,"pct":100},"branches":{"total":10,"covered":8,"skipped":0,"pct":80}}
,"/Volumes/GOBLINOS 1/apps/GoblinAssistant/src/features/chat/components/ChatView.tsx": {"lines":{"total":201,"covered":201,"skipped":0,"pct":100},"functions":{"total":5,"covered":3,"skipped":0,"pct":60},"statements":{"total":201,"covered":201,"skipped":0,"pct":100},"branches":{"total":20,"covered":13,"skipped":0,"pct":65}}
,"/Volumes/GOBLINOS 1/apps/GoblinAssistant/src/features/chat/components/MessageActions.tsx": {"lines":{"total":66,"covered":66,"skipped":0,"pct":100},"functions":{"total":1,"covered":1,"skipped":0,"pct":100},"statements":{"total":66,"covered":66,"skipped":0,"pct":100},"branches":{"total":4,"covered":4,"skipped":0,"pct":100}}
,"/Volumes/GOBLINOS 1/apps/GoblinAssistant/src/features/chat/components/MessageMarkdown.tsx": {"lines":{"total":166,"covered":55,"skipped":0,"pct":33.13},"functions":{"total":11,"covered":2,"skipped":0,"pct":18.18},"statements":{"total":166,"covered":55,"skipped":0,"pct":33.13},"branches":{"total":3,"covered":3,"skipped":0,"pct":100}}
,"/Volumes/GOBLINOS 1/apps/GoblinAssistant/src/features/chat/components/MessageTimestamp.tsx": {"lines":{"total":47,"covered":47,"skipped":0,"pct":100},"functions":{"total":3,"covered":3,"skipped":0,"pct":100},"statements":{"total":47,"covered":47,"skipped":0,"pct":100},"branches":{"total":9,"covered":9,"skipped":0,"pct":100}}
,"/Volumes/GOBLINOS 1/apps/GoblinAssistant/src/features/chat/components/StreamingMessage.tsx": {"lines":{"total":54,"covered":54,"skipped":0,"pct":100},"functions":{"total":1,"covered":1,"skipped":0,"pct":100},"statements":{"total":54,"covered":54,"skipped":0,"pct":100},"branches":{"total":3,"covered":3,"skipped":0,"pct":100}}
,"/Volumes/GOBLINOS 1/apps/GoblinAssistant/src/features/chat/hooks/useChatSession.ts": {"lines":{"total":611,"covered":417,"skipped":0,"pct":68.24},"functions":{"total":5,"covered":5,"skipped":0,"pct":100},"statements":{"total":611,"covered":417,"skipped":0,"pct":68.24},"branches":{"total":101,"covered":69,"skipped":0,"pct":68.31}}
,"/Volumes/GOBLINOS 1/apps/GoblinAssistant/src/features/chat/hooks/useChatThreads.ts": {"lines":{"total":127,"covered":78,"skipped":0,"pct":61.41},"functions":{"total":6,"covered":4,"skipped":0,"pct":66.66},"statements":{"total":127,"covered":78,"skipped":0,"pct":61.41},"branches":{"total":7,"covered":4,"skipped":0,"pct":57.14}}
,"/Volumes/GOBLINOS 1/apps/GoblinAssistant/src/features/chat/hooks/useGoblinLoaderAnimation.ts": {"lines":{"total":38,"covered":38,"skipped":0,"pct":100},"functions":{"total":2,"covered":2,"skipped":0,"pct":100},"statements":{"total":38,"covered":38,"skipped":0,"pct":100},"branches":{"total":9,"covered":9,"skipped":0,"pct":100}}
,"/Volumes/GOBLINOS 1/apps/GoblinAssistant/src/features/help/HelpScreen.tsx": {"lines":{"total":48,"covered":39,"skipped":0,"pct":81.25},"functions":{"total":2,"covered":1,"skipped":0,"pct":50},"statements":{"total":48,"covered":39,"skipped":0,"pct":81.25},"branches":{"total":11,"covered":4,"skipped":0,"pct":36.36}}
,"/Volumes/GOBLINOS 1/apps/GoblinAssistant/src/features/help/components/HelpSupportForm.tsx": {"lines":{"total":60,"covered":60,"skipped":0,"pct":100},"functions":{"total":1,"covered":1,"skipped":0,"pct":100},"statements":{"total":60,"covered":60,"skipped":0,"pct":100},"branches":{"total":3,"covered":3,"skipped":0,"pct":100}}
,"/Volumes/GOBLINOS 1/apps/GoblinAssistant/src/features/help/components/HelpTopics.tsx": {"lines":{"total":20,"covered":20,"skipped":0,"pct":100},"functions":{"total":0,"covered":0,"skipped":0,"pct":100},"statements":{"total":20,"covered":20,"skipped":0,"pct":100},"branches":{"total":1,"covered":1,"skipped":0,"pct":100}}
,"/Volumes/GOBLINOS 1/apps/GoblinAssistant/src/features/help/components/HelpView.tsx": {"lines":{"total":113,"covered":113,"skipped":0,"pct":100},"functions":{"total":0,"covered":0,"skipped":0,"pct":100},"statements":{"total":113,"covered":113,"skipped":0,"pct":100},"branches":{"total":17,"covered":17,"skipped":0,"pct":100}}
,"/Volumes/GOBLINOS 1/apps/GoblinAssistant/src/features/help/hooks/useSupportForm.ts": {"lines":{"total":46,"covered":0,"skipped":0,"pct":0},"functions":{"total":1,"covered":0,"skipped":0,"pct":0},"statements":{"total":46,"covered":0,"skipped":0,"pct":0},"branches":{"total":1,"covered":0,"skipped":0,"pct":0}}
,"/Volumes/GOBLINOS 1/apps/GoblinAssistant/src/features/help/hooks/usesupportform.ts": {"lines":{"total":46,"covered":46,"skipped":0,"pct":100},"functions":{"total":1,"covered":1,"skipped":0,"pct":100},"statements":{"total":46,"covered":46,"skipped":0,"pct":100},"branches":{"total":8,"covered":8,"skipped":0,"pct":100}}
,"/Volumes/GOBLINOS 1/apps/GoblinAssistant/src/features/onboarding/HomeScreen.tsx": {"lines":{"total":93,"covered":93,"skipped":0,"pct":100},"functions":{"total":1,"covered":1,"skipped":0,"pct":100},"statements":{"total":93,"covered":93,"skipped":0,"pct":100},"branches":{"total":3,"covered":3,"skipped":0,"pct":100}}
,"/Volumes/GOBLINOS 1/apps/GoblinAssistant/src/features/sandbox/SandboxScreen.tsx": {"lines":{"total":46,"covered":42,"skipped":0,"pct":91.3},"functions":{"total":3,"covered":1,"skipped":0,"pct":33.33},"statements":{"total":46,"covered":42,"skipped":0,"pct":91.3},"branches":{"total":4,"covered":2,"skipped":0,"pct":50}}
,"/Volumes/GOBLINOS 1/apps/GoblinAssistant/src/features/sandbox/components/SandboxMain.tsx": {"lines":{"total":80,"covered":80,"skipped":0,"pct":100},"functions":{"total":1,"covered":0,"skipped":0,"pct":0},"statements":{"total":80,"covered":80,"skipped":0,"pct":100},"branches":{"total":1,"covered":1,"skipped":0,"pct":100}}
,"/Volumes/GOBLINOS 1/apps/GoblinAssistant/src/features/sandbox/components/SandboxSidebar.tsx": {"lines":{"total":128,"covered":125,"skipped":0,"pct":97.65},"functions":{"total":2,"covered":2,"skipped":0,"pct":100},"statements":{"total":128,"covered":125,"skipped":0,"pct":97.65},"branches":{"total":12,"covered":11,"skipped":0,"pct":91.66}}
,"/Volumes/GOBLINOS 1/apps/GoblinAssistant/src/features/sandbox/components/SandboxSkeleton.tsx": {"lines":{"total":32,"covered":32,"skipped":0,"pct":100},"functions":{"total":0,"covered":0,"skipped":0,"pct":100},"statements":{"total":32,"covered":32,"skipped":0,"pct":100},"branches":{"total":0,"covered":0,"skipped":0,"pct":100}}
,"/Volumes/GOBLINOS 1/apps/GoblinAssistant/src/features/sandbox/components/SandboxView.tsx": {"lines":{"total":69,"covered":57,"skipped":0,"pct":82.6},"functions":{"total":3,"covered":1,"skipped":0,"pct":33.33},"statements":{"total":69,"covered":57,"skipped":0,"pct":82.6},"branches":{"total":4,"covered":4,"skipped":0,"pct":100}}
,"/Volumes/GOBLINOS 1/apps/GoblinAssistant/src/features/sandbox/hooks/useSandboxSession.ts": {"lines":{"total":111,"covered":108,"skipped":0,"pct":97.29},"functions":{"total":1,"covered":1,"skipped":0,"pct":100},"statements":{"total":111,"covered":108,"skipped":0,"pct":97.29},"branches":{"total":17,"covered":16,"skipped":0,"pct":94.11}}
,"/Volumes/GOBLINOS 1/apps/GoblinAssistant/src/features/search/SearchScreen.tsx": {"lines":{"total":11,"covered":0,"skipped":0,"pct":0},"functions":{"total":1,"covered":0,"skipped":0,"pct":0},"statements":{"total":11,"covered":0,"skipped":0,"pct":0},"branches":{"total":1,"covered":0,"skipped":0,"pct":0}}
,"/Volumes/GOBLINOS 1/apps/GoblinAssistant/src/features/search/components/SearchEmptyState.tsx": {"lines":{"total":20,"covered":20,"skipped":0,"pct":100},"functions":{"total":0,"covered":0,"skipped":0,"pct":100},"statements":{"total":20,"covered":20,"skipped":0,"pct":100},"branches":{"total":0,"covered":0,"skipped":0,"pct":100}}
,"/Volumes/GOBLINOS 1/apps/GoblinAssistant/src/features/search/components/SearchForm.tsx": {"lines":{"total":143,"covered":143,"skipped":0,"pct":100},"functions":{"total":3,"covered":1,"skipped":0,"pct":33.33},"statements":{"total":143,"covered":143,"skipped":0,"pct":100},"branches":{"total":9,"covered":8,"skipped":0,"pct":88.88}}
,"/Volumes/GOBLINOS 1/apps/GoblinAssistant/src/features/search/components/SearchHeader.tsx": {"lines":{"total":15,"covered":0,"skipped":0,"pct":0},"functions":{"total":1,"covered":0,"skipped":0,"pct":0},"statements":{"total":15,"covered":0,"skipped":0,"pct":0},"branches":{"total":1,"covered":0,"skipped":0,"pct":0}}
,"/Volumes/GOBLINOS 1/apps/GoblinAssistant/src/features/search/components/SearchQuickQueries.tsx": {"lines":{"total":29,"covered":29,"skipped":0,"pct":100},"functions":{"total":1,"covered":1,"skipped":0,"pct":100},"statements":{"total":29,"covered":29,"skipped":0,"pct":100},"branches":{"total":2,"covered":2,"skipped":0,"pct":100}}
,"/Volumes/GOBLINOS 1/apps/GoblinAssistant/src/features/search/components/SearchResultsList.tsx": {"lines":{"total":51,"covered":51,"skipped":0,"pct":100},"functions":{"total":0,"covered":0,"skipped":0,"pct":100},"statements":{"total":51,"covered":51,"skipped":0,"pct":100},"branches":{"total":7,"covered":7,"skipped":0,"pct":100}}
,"/Volumes/GOBLINOS 1/apps/GoblinAssistant/src/features/search/components/SearchView.tsx": {"lines":{"total":67,"covered":67,"skipped":0,"pct":100},"functions":{"total":0,"covered":0,"skipped":0,"pct":100},"statements":{"total":67,"covered":67,"skipped":0,"pct":100},"branches":{"total":6,"covered":6,"skipped":0,"pct":100}}
,"/Volumes/GOBLINOS 1/apps/GoblinAssistant/src/features/search/hooks/useSearchResults.ts": {"lines":{"total":118,"covered":118,"skipped":0,"pct":100},"functions":{"total":2,"covered":2,"skipped":0,"pct":100},"statements":{"total":118,"covered":118,"skipped":0,"pct":100},"branches":{"total":18,"covered":16,"skipped":0,"pct":88.88}}
,"/Volumes/GOBLINOS 1/apps/GoblinAssistant/src/features/startup/components/GoblinBootScreen.tsx": {"lines":{"total":61,"covered":61,"skipped":0,"pct":100},"functions":{"total":1,"covered":1,"skipped":0,"pct":100},"statements":{"total":61,"covered":61,"skipped":0,"pct":100},"branches":{"total":9,"covered":9,"skipped":0,"pct":100}}
,"/Volumes/GOBLINOS 1/apps/GoblinAssistant/src/features/startup/components/GoblinLoader.tsx": {"lines":{"total":44,"covered":0,"skipped":0,"pct":0},"functions":{"total":1,"covered":0,"skipped":0,"pct":0},"statements":{"total":44,"covered":0,"skipped":0,"pct":0},"branches":{"total":1,"covered":0,"skipped":0,"pct":0}}
,"/Volumes/GOBLINOS 1/apps/GoblinAssistant/src/features/startup/components/StatusLine.tsx": {"lines":{"total":30,"covered":30,"skipped":0,"pct":100},"functions":{"total":0,"covered":0,"skipped":0,"pct":100},"statements":{"total":30,"covered":30,"skipped":0,"pct":100},"branches":{"total":6,"covered":6,"skipped":0,"pct":100}}
,"/Volumes/GOBLINOS 1/apps/GoblinAssistant/src/features/startup/components/goblinloader.tsx": {"lines":{"total":44,"covered":44,"skipped":0,"pct":100},"functions":{"total":1,"covered":1,"skipped":0,"pct":100},"statements":{"total":44,"covered":44,"skipped":0,"pct":100},"branches":{"total":10,"covered":10,"skipped":0,"pct":100}}
,"/Volumes/GOBLINOS 1/apps/GoblinAssistant/src/features/startup/hooks/useStartupFlow.ts": {"lines":{"total":165,"covered":32,"skipped":0,"pct":19.39},"functions":{"total":4,"covered":1,"skipped":0,"pct":25},"statements":{"total":165,"covered":32,"skipped":0,"pct":19.39},"branches":{"total":6,"covered":6,"skipped":0,"pct":100}}
,"/Volumes/GOBLINOS 1/apps/GoblinAssistant/src/features/startup/types/startup.types.ts": {"lines":{"total":18,"covered":0,"skipped":0,"pct":0},"functions":{"total":1,"covered":0,"skipped":0,"pct":0},"statements":{"total":18,"covered":0,"skipped":0,"pct":0},"branches":{"total":1,"covered":0,"skipped":0,"pct":0}}
,"/Volumes/GOBLINOS 1/apps/GoblinAssistant/src/hooks/useChatStreaming.ts": {"lines":{"total":76,"covered":73,"skipped":0,"pct":96.05},"functions":{"total":2,"covered":2,"skipped":0,"pct":100},"statements":{"total":76,"covered":73,"skipped":0,"pct":96.05},"branches":{"total":13,"covered":10,"skipped":0,"pct":76.92}}
,"/Volumes/GOBLINOS 1/apps/GoblinAssistant/src/hooks/useContrastMode.tsx": {"lines":{"total":72,"covered":70,"skipped":0,"pct":97.22},"functions":{"total":4,"covered":4,"skipped":0,"pct":100},"statements":{"total":72,"covered":70,"skipped":0,"pct":97.22},"branches":{"total":15,"covered":14,"skipped":0,"pct":93.33}}
,"/Volumes/GOBLINOS 1/apps/GoblinAssistant/src/hooks/useCostClipboard.ts": {"lines":{"total":27,"covered":27,"skipped":0,"pct":100},"functions":{"total":1,"covered":1,"skipped":0,"pct":100},"statements":{"total":27,"covered":27,"skipped":0,"pct":100},"branches":{"total":5,"covered":4,"skipped":0,"pct":80}}
,"/Volumes/GOBLINOS 1/apps/GoblinAssistant/src/hooks/useCostEstimation.ts": {"lines":{"total":78,"covered":78,"skipped":0,"pct":100},"functions":{"total":2,"covered":2,"skipped":0,"pct":100},"statements":{"total":78,"covered":78,"skipped":0,"pct":100},"branches":{"total":8,"covered":6,"skipped":0,"pct":75}}
,"/Volumes/GOBLINOS 1/apps/GoblinAssistant/src/hooks/useCostStreaming.ts": {"lines":{"total":46,"covered":44,"skipped":0,"pct":95.65},"functions":{"total":1,"covered":1,"skipped":0,"pct":100},"statements":{"total":46,"covered":44,"skipped":0,"pct":95.65},"branches":{"total":5,"covered":5,"skipped":0,"pct":100}}
,"/Volumes/GOBLINOS 1/apps/GoblinAssistant/src/hooks/useDashboardData.ts": {"lines":{"total":72,"covered":72,"skipped":0,"pct":100},"functions":{"total":2,"covered":2,"skipped":0,"pct":100},"statements":{"total":72,"covered":72,"skipped":0,"pct":100},"branches":{"total":15,"covered":12,"skipped":0,"pct":80}}
,"/Volumes/GOBLINOS 1/apps/GoblinAssistant/src/hooks/useErrorTesting.ts": {"lines":{"total":136,"covered":120,"skipped":0,"pct":88.23},"functions":{"total":13,"covered":11,"skipped":0,"pct":84.61},"statements":{"total":136,"covered":120,"skipped":0,"pct":88.23},"branches":{"total":27,"covered":25,"skipped":0,"pct":92.59}}
,"/Volumes/GOBLINOS 1/apps/GoblinAssistant/src/hooks/useFocusTrap.ts": {"lines":{"total":60,"covered":43,"skipped":0,"pct":71.66},"functions":{"total":2,"covered":2,"skipped":0,"pct":100},"statements":{"total":60,"covered":43,"skipped":0,"pct":71.66},"branches":{"total":11,"covered":8,"skipped":0,"pct":72.72}}
,"/Volumes/GOBLINOS 1/apps/GoblinAssistant/src/hooks/useKeyboardShortcuts.ts": {"lines":{"total":93,"covered":74,"skipped":0,"pct":79.56},"functions":{"total":3,"covered":2,"skipped":0,"pct":66.66},"statements":{"total":93,"covered":74,"skipped":0,"pct":79.56},"branches":{"total":8,"covered":8,"skipped":0,"pct":100}}
,"/Volumes/GOBLINOS 1/apps/GoblinAssistant/src/hooks/useProviderHealth.ts": {"lines":{"total":184,"covered":177,"skipped":0,"pct":96.19},"functions":{"total":4,"covered":4,"skipped":0,"pct":100},"statements":{"total":184,"covered":177,"skipped":0,"pct":96.19},"branches":{"total":41,"covered":23,"skipped":0,"pct":56.09}}
,"/Volumes/GOBLINOS 1/apps/GoblinAssistant/src/hooks/useProviderSelection.ts": {"lines":{"total":85,"covered":69,"skipped":0,"pct":81.17},"functions":{"total":4,"covered":1,"skipped":0,"pct":25},"statements":{"total":85,"covered":69,"skipped":0,"pct":81.17},"branches":{"total":16,"covered":8,"skipped":0,"pct":50}}
,"/Volumes/GOBLINOS 1/apps/GoblinAssistant/src/hooks/api/useAuthSession.ts": {"lines":{"total":50,"covered":48,"skipped":0,"pct":96},"functions":{"total":3,"covered":3,"skipped":0,"pct":100},"statements":{"total":50,"covered":48,"skipped":0,"pct":96},"branches":{"total":5,"covered":5,"skipped":0,"pct":100}}
,"/Volumes/GOBLINOS 1/apps/GoblinAssistant/src/hooks/api/useHealth.ts": {"lines":{"total":37,"covered":37,"skipped":0,"pct":100},"functions":{"total":6,"covered":6,"skipped":0,"pct":100},"statements":{"total":37,"covered":37,"skipped":0,"pct":100},"branches":{"total":9,"covered":9,"skipped":0,"pct":100}}
,"/Volumes/GOBLINOS 1/apps/GoblinAssistant/src/hooks/api/useSettings.ts": {"lines":{"total":75,"covered":75,"skipped":0,"pct":100},"functions":{"total":12,"covered":12,"skipped":0,"pct":100},"statements":{"total":75,"covered":75,"skipped":0,"pct":100},"branches":{"total":12,"covered":12,"skipped":0,"pct":100}}
,"/Volumes/GOBLINOS 1/apps/GoblinAssistant/src/layout/AdminLayout.tsx": {"lines":{"total":52,"covered":47,"skipped":0,"pct":90.38},"functions":{"total":1,"covered":1,"skipped":0,"pct":100},"statements":{"total":52,"covered":47,"skipped":0,"pct":90.38},"branches":{"total":10,"covered":6,"skipped":0,"pct":60}}
,"/Volumes/GOBLINOS 1/apps/GoblinAssistant/src/lib/api.ts": {"lines":{"total":632,"covered":522,"skipped":0,"pct":82.59},"functions":{"total":49,"covered":40,"skipped":0,"pct":81.63},"statements":{"total":632,"covered":522,"skipped":0,"pct":82.59},"branches":{"total":65,"covered":52,"skipped":0,"pct":80}}
,"/Volumes/GOBLINOS 1/apps/GoblinAssistant/src/lib/auth-state.ts": {"lines":{"total":123,"covered":32,"skipped":0,"pct":26.01},"functions":{"total":11,"covered":0,"skipped":0,"pct":0},"statements":{"total":123,"covered":32,"skipped":0,"pct":26.01},"branches":{"total":0,"covered":0,"skipped":0,"pct":100}}
,"/Volumes/GOBLINOS 1/apps/GoblinAssistant/src/lib/chat-history.ts": {"lines":{"total":258,"covered":124,"skipped":0,"pct":48.06},"functions":{"total":14,"covered":8,"skipped":0,"pct":57.14},"statements":{"total":258,"covered":124,"skipped":0,"pct":48.06},"branches":{"total":46,"covered":33,"skipped":0,"pct":71.73}}
,"/Volumes/GOBLINOS 1/apps/GoblinAssistant/src/lib/cost-estimate.ts": {"lines":{"total":66,"covered":63,"skipped":0,"pct":95.45},"functions":{"total":1,"covered":1,"skipped":0,"pct":100},"statements":{"total":66,"covered":63,"skipped":0,"pct":95.45},"branches":{"total":18,"covered":13,"skipped":0,"pct":72.22}}
,"/Volumes/GOBLINOS 1/apps/GoblinAssistant/src/lib/cva-factory.ts": {"lines":{"total":228,"covered":225,"skipped":0,"pct":98.68},"functions":{"total":3,"covered":2,"skipped":0,"pct":66.66},"statements":{"total":228,"covered":225,"skipped":0,"pct":98.68},"branches":{"total":2,"covered":2,"skipped":0,"pct":100}}
,"/Volumes/GOBLINOS 1/apps/GoblinAssistant/src/lib/id-generation.ts": {"lines":{"total":11,"covered":9,"skipped":0,"pct":81.81},"functions":{"total":3,"covered":3,"skipped":0,"pct":100},"statements":{"total":11,"covered":9,"skipped":0,"pct":81.81},"branches":{"total":5,"covered":4,"skipped":0,"pct":80}}
,"/Volumes/GOBLINOS 1/apps/GoblinAssistant/src/lib/llm-rates.ts": {"lines":{"total":71,"covered":67,"skipped":0,"pct":94.36},"functions":{"total":2,"covered":2,"skipped":0,"pct":100},"statements":{"total":71,"covered":67,"skipped":0,"pct":94.36},"branches":{"total":17,"covered":10,"skipped":0,"pct":58.82}}
,"/Volumes/GOBLINOS 1/apps/GoblinAssistant/src/lib/query-keys.ts": {"lines":{"total":52,"covered":52,"skipped":0,"pct":100},"functions":{"total":8,"covered":8,"skipped":0,"pct":100},"statements":{"total":52,"covered":52,"skipped":0,"pct":100},"branches":{"total":10,"covered":10,"skipped":0,"pct":100}}
,"/Volumes/GOBLINOS 1/apps/GoblinAssistant/src/lib/queryClient.ts": {"lines":{"total":23,"covered":23,"skipped":0,"pct":100},"functions":{"total":2,"covered":1,"skipped":0,"pct":50},"statements":{"total":23,"covered":23,"skipped":0,"pct":100},"branches":{"total":1,"covered":1,"skipped":0,"pct":100}}
,"/Volumes/GOBLINOS 1/apps/GoblinAssistant/src/lib/ui-error.ts": {"lines":{"total":24,"covered":24,"skipped":0,"pct":100},"functions":{"total":2,"covered":2,"skipped":0,"pct":100},"statements":{"total":24,"covered":24,"skipped":0,"pct":100},"branches":{"total":4,"covered":4,"skipped":0,"pct":100}}
,"/Volumes/GOBLINOS 1/apps/GoblinAssistant/src/lib/utils.ts": {"lines":{"total":6,"covered":6,"skipped":0,"pct":100},"functions":{"total":1,"covered":1,"skipped":0,"pct":100},"statements":{"total":6,"covered":6,"skipped":0,"pct":100},"branches":{"total":1,"covered":1,"skipped":0,"pct":100}}
,"/Volumes/GOBLINOS 1/apps/GoblinAssistant/src/lib/orchestration/orchestrationState.ts": {"lines":{"total":151,"covered":144,"skipped":0,"pct":95.36},"functions":{"total":1,"covered":1,"skipped":0,"pct":100},"statements":{"total":151,"covered":144,"skipped":0,"pct":95.36},"branches":{"total":21,"covered":14,"skipped":0,"pct":66.66}}
,"/Volumes/GOBLINOS 1/apps/GoblinAssistant/src/lib/orchestration/streamingUtils.ts": {"lines":{"total":108,"covered":107,"skipped":0,"pct":99.07},"functions":{"total":8,"covered":6,"skipped":0,"pct":75},"statements":{"total":108,"covered":107,"skipped":0,"pct":99.07},"branches":{"total":20,"covered":8,"skipped":0,"pct":40}}
,"/Volumes/GOBLINOS 1/apps/GoblinAssistant/src/lib/orchestration/useOrchestrationExecution.ts": {"lines":{"total":199,"covered":168,"skipped":0,"pct":84.42},"functions":{"total":7,"covered":1,"skipped":0,"pct":14.28},"statements":{"total":199,"covered":168,"skipped":0,"pct":84.42},"branches":{"total":15,"covered":13,"skipped":0,"pct":86.66}}
,"/Volumes/GOBLINOS 1/apps/GoblinAssistant/src/lib/providers/normalizeProvider.ts": {"lines":{"total":33,"covered":33,"skipped":0,"pct":100},"functions":{"total":2,"covered":2,"skipped":0,"pct":100},"statements":{"total":33,"covered":33,"skipped":0,"pct":100},"branches":{"total":10,"covered":10,"skipped":0,"pct":100}}
,"/Volumes/GOBLINOS 1/apps/GoblinAssistant/src/lib/utils/debug.ts": {"lines":{"total":35,"covered":21,"skipped":0,"pct":60},"functions":{"total":5,"covered":2,"skipped":0,"pct":40},"statements":{"total":35,"covered":21,"skipped":0,"pct":60},"branches":{"total":3,"covered":2,"skipped":0,"pct":66.66}}
,"/Volumes/GOBLINOS 1/apps/GoblinAssistant/src/pages/404.tsx": {"lines":{"total":4,"covered":0,"skipped":0,"pct":0},"functions":{"total":1,"covered":0,"skipped":0,"pct":0},"statements":{"total":4,"covered":0,"skipped":0,"pct":0},"branches":{"total":1,"covered":0,"skipped":0,"pct":0}}
,"/Volumes/GOBLINOS 1/apps/GoblinAssistant/src/pages/_app.tsx": {"lines":{"total":64,"covered":64,"skipped":0,"pct":100},"functions":{"total":1,"covered":1,"skipped":0,"pct":100},"statements":{"total":64,"covered":64,"skipped":0,"pct":100},"branches":{"total":3,"covered":3,"skipped":0,"pct":100}}
,"/Volumes/GOBLINOS 1/apps/GoblinAssistant/src/pages/_document.tsx": {"lines":{"total":21,"covered":0,"skipped":0,"pct":0},"functions":{"total":1,"covered":0,"skipped":0,"pct":0},"statements":{"total":21,"covered":0,"skipped":0,"pct":0},"branches":{"total":1,"covered":0,"skipped":0,"pct":0}}
,"/Volumes/GOBLINOS 1/apps/GoblinAssistant/src/pages/account.tsx": {"lines":{"total":4,"covered":0,"skipped":0,"pct":0},"functions":{"total":1,"covered":0,"skipped":0,"pct":0},"statements":{"total":4,"covered":0,"skipped":0,"pct":0},"branches":{"total":1,"covered":0,"skipped":0,"pct":0}}
,"/Volumes/GOBLINOS 1/apps/GoblinAssistant/src/pages/chat.tsx": {"lines":{"total":6,"covered":0,"skipped":0,"pct":0},"functions":{"total":1,"covered":0,"skipped":0,"pct":0},"statements":{"total":6,"covered":0,"skipped":0,"pct":0},"branches":{"total":1,"covered":0,"skipped":0,"pct":0}}
,"/Volumes/GOBLINOS 1/apps/GoblinAssistant/src/pages/google-callback.tsx": {"lines":{"total":4,"covered":0,"skipped":0,"pct":0},"functions":{"total":1,"covered":0,"skipped":0,"pct":0},"statements":{"total":4,"covered":0,"skipped":0,"pct":0},"branches":{"total":1,"covered":0,"skipped":0,"pct":0}}
,"/Volumes/GOBLINOS 1/apps/GoblinAssistant/src/pages/help.tsx": {"lines":{"total":4,"covered":0,"skipped":0,"pct":0},"functions":{"total":1,"covered":0,"skipped":0,"pct":0},"statements":{"total":4,"covered":0,"skipped":0,"pct":0},"branches":{"total":1,"covered":0,"skipped":0,"pct":0}}
,"/Volumes/GOBLINOS 1/apps/GoblinAssistant/src/pages/index.tsx": {"lines":{"total":6,"covered":0,"skipped":0,"pct":0},"functions":{"total":1,"covered":0,"skipped":0,"pct":0},"statements":{"total":6,"covered":0,"skipped":0,"pct":0},"branches":{"total":1,"covered":0,"skipped":0,"pct":0}}
,"/Volumes/GOBLINOS 1/apps/GoblinAssistant/src/pages/login.tsx": {"lines":{"total":6,"covered":0,"skipped":0,"pct":0},"functions":{"total":1,"covered":0,"skipped":0,"pct":0},"statements":{"total":6,"covered":0,"skipped":0,"pct":0},"branches":{"total":1,"covered":0,"skipped":0,"pct":0}}
,"/Volumes/GOBLINOS 1/apps/GoblinAssistant/src/pages/onboarding.tsx": {"lines":{"total":12,"covered":0,"skipped":0,"pct":0},"functions":{"total":1,"covered":0,"skipped":0,"pct":0},"statements":{"total":12,"covered":0,"skipped":0,"pct":0},"branches":{"total":1,"covered":0,"skipped":0,"pct":0}}
,"/Volumes/GOBLINOS 1/apps/GoblinAssistant/src/pages/register.tsx": {"lines":{"total":10,"covered":0,"skipped":0,"pct":0},"functions":{"total":1,"covered":0,"skipped":0,"pct":0},"statements":{"total":10,"covered":0,"skipped":0,"pct":0},"branches":{"total":1,"covered":0,"skipped":0,"pct":0}}
,"/Volumes/GOBLINOS 1/apps/GoblinAssistant/src/pages/sandbox.tsx": {"lines":{"total":4,"covered":0,"skipped":0,"pct":0},"functions":{"total":1,"covered":0,"skipped":0,"pct":0},"statements":{"total":4,"covered":0,"skipped":0,"pct":0},"branches":{"total":1,"covered":0,"skipped":0,"pct":0}}
,"/Volumes/GOBLINOS 1/apps/GoblinAssistant/src/pages/search.tsx": {"lines":{"total":4,"covered":0,"skipped":0,"pct":0},"functions":{"total":1,"covered":0,"skipped":0,"pct":0},"statements":{"total":4,"covered":0,"skipped":0,"pct":0},"branches":{"total":1,"covered":0,"skipped":0,"pct":0}}
,"/Volumes/GOBLINOS 1/apps/GoblinAssistant/src/pages/settings.tsx": {"lines":{"total":4,"covered":0,"skipped":0,"pct":0},"functions":{"total":1,"covered":0,"skipped":0,"pct":0},"statements":{"total":4,"covered":0,"skipped":0,"pct":0},"branches":{"total":1,"covered":0,"skipped":0,"pct":0}}
,"/Volumes/GOBLINOS 1/apps/GoblinAssistant/src/pages/sitemap.xml.ts": {"lines":{"total":42,"covered":0,"skipped":0,"pct":0},"functions":{"total":1,"covered":0,"skipped":0,"pct":0},"statements":{"total":42,"covered":0,"skipped":0,"pct":0},"branches":{"total":1,"covered":0,"skipped":0,"pct":0}}
,"/Volumes/GOBLINOS 1/apps/GoblinAssistant/src/pages/startup.tsx": {"lines":{"total":4,"covered":0,"skipped":0,"pct":0},"functions":{"total":1,"covered":0,"skipped":0,"pct":0},"statements":{"total":4,"covered":0,"skipped":0,"pct":0},"branches":{"total":1,"covered":0,"skipped":0,"pct":0}}
,"/Volumes/GOBLINOS 1/apps/GoblinAssistant/src/pages/admin/index.tsx": {"lines":{"total":38,"covered":36,"skipped":0,"pct":94.73},"functions":{"total":3,"covered":2,"skipped":0,"pct":66.66},"statements":{"total":38,"covered":36,"skipped":0,"pct":94.73},"branches":{"total":2,"covered":2,"skipped":0,"pct":100}}
,"/Volumes/GOBLINOS 1/apps/GoblinAssistant/src/pages/admin/logs.tsx": {"lines":{"total":18,"covered":0,"skipped":0,"pct":0},"functions":{"total":1,"covered":0,"skipped":0,"pct":0},"statements":{"total":18,"covered":0,"skipped":0,"pct":0},"branches":{"total":1,"covered":0,"skipped":0,"pct":0}}
,"/Volumes/GOBLINOS 1/apps/GoblinAssistant/src/pages/admin/providers.tsx": {"lines":{"total":20,"covered":0,"skipped":0,"pct":0},"functions":{"total":1,"covered":0,"skipped":0,"pct":0},"statements":{"total":20,"covered":0,"skipped":0,"pct":0},"branches":{"total":1,"covered":0,"skipped":0,"pct":0}}
,"/Volumes/GOBLINOS 1/apps/GoblinAssistant/src/pages/admin/settings.tsx": {"lines":{"total":18,"covered":0,"skipped":0,"pct":0},"functions":{"total":1,"covered":0,"skipped":0,"pct":0},"statements":{"total":18,"covered":0,"skipped":0,"pct":0},"branches":{"total":1,"covered":0,"skipped":0,"pct":0}}
,"/Volumes/GOBLINOS 1/apps/GoblinAssistant/src/pages/api/generate.ts": {"lines":{"total":202,"covered":191,"skipped":0,"pct":94.55},"functions":{"total":9,"covered":9,"skipped":0,"pct":100},"statements":{"total":202,"covered":191,"skipped":0,"pct":94.55},"branches":{"total":50,"covered":38,"skipped":0,"pct":76}}
,"/Volumes/GOBLINOS 1/apps/GoblinAssistant/src/pages/api/health.ts": {"lines":{"total":16,"covered":0,"skipped":0,"pct":0},"functions":{"total":1,"covered":0,"skipped":0,"pct":0},"statements":{"total":16,"covered":0,"skipped":0,"pct":0},"branches":{"total":1,"covered":0,"skipped":0,"pct":0}}
,"/Volumes/GOBLINOS 1/apps/GoblinAssistant/src/pages/api/models.ts": {"lines":{"total":240,"covered":191,"skipped":0,"pct":79.58},"functions":{"total":9,"covered":8,"skipped":0,"pct":88.88},"statements":{"total":240,"covered":191,"skipped":0,"pct":79.58},"branches":{"total":41,"covered":29,"skipped":0,"pct":70.73}}
,"/Volumes/GOBLINOS 1/apps/GoblinAssistant/src/pages/api/auth/validate.ts": {"lines":{"total":108,"covered":104,"skipped":0,"pct":96.29},"functions":{"total":5,"covered":5,"skipped":0,"pct":100},"statements":{"total":108,"covered":104,"skipped":0,"pct":96.29},"branches":{"total":23,"covered":17,"skipped":0,"pct":73.91}}
,"/Volumes/GOBLINOS 1/apps/GoblinAssistant/src/screens/AccountPage.tsx": {"lines":{"total":7,"covered":0,"skipped":0,"pct":0},"functions":{"total":1,"covered":0,"skipped":0,"pct":0},"statements":{"total":7,"covered":0,"skipped":0,"pct":0},"branches":{"total":1,"covered":0,"skipped":0,"pct":0}}
,"/Volumes/GOBLINOS 1/apps/GoblinAssistant/src/screens/ChatPage.tsx": {"lines":{"total":10,"covered":0,"skipped":0,"pct":0},"functions":{"total":1,"covered":0,"skipped":0,"pct":0},"statements":{"total":10,"covered":0,"skipped":0,"pct":0},"branches":{"total":1,"covered":0,"skipped":0,"pct":0}}
,"/Volumes/GOBLINOS 1/apps/GoblinAssistant/src/screens/Dashboard.tsx": {"lines":{"total":76,"covered":74,"skipped":0,"pct":97.36},"functions":{"total":3,"covered":2,"skipped":0,"pct":66.66},"statements":{"total":76,"covered":74,"skipped":0,"pct":97.36},"branches":{"total":20,"covered":19,"skipped":0,"pct":95}}
,"/Volumes/GOBLINOS 1/apps/GoblinAssistant/src/screens/EnhancedProvidersPage.tsx": {"lines":{"total":10,"covered":0,"skipped":0,"pct":0},"functions":{"total":1,"covered":0,"skipped":0,"pct":0},"statements":{"total":10,"covered":0,"skipped":0,"pct":0},"branches":{"total":1,"covered":0,"skipped":0,"pct":0}}
,"/Volumes/GOBLINOS 1/apps/GoblinAssistant/src/screens/ErrorTestingPage.tsx": {"lines":{"total":27,"covered":27,"skipped":0,"pct":100},"functions":{"total":1,"covered":1,"skipped":0,"pct":100},"statements":{"total":27,"covered":27,"skipped":0,"pct":100},"branches":{"total":1,"covered":1,"skipped":0,"pct":100}}
,"/Volumes/GOBLINOS 1/apps/GoblinAssistant/src/screens/GoblinDemo.tsx": {"lines":{"total":324,"covered":302,"skipped":0,"pct":93.2},"functions":{"total":9,"covered":4,"skipped":0,"pct":44.44},"statements":{"total":324,"covered":302,"skipped":0,"pct":93.2},"branches":{"total":18,"covered":13,"skipped":0,"pct":72.22}}
,"/Volumes/GOBLINOS 1/apps/GoblinAssistant/src/screens/GoogleCallback.tsx": {"lines":{"total":109,"covered":107,"skipped":0,"pct":98.16},"functions":{"total":3,"covered":2,"skipped":0,"pct":66.66},"statements":{"total":109,"covered":107,"skipped":0,"pct":98.16},"branches":{"total":22,"covered":21,"skipped":0,"pct":95.45}}
,"/Volumes/GOBLINOS 1/apps/GoblinAssistant/src/screens/HelpPage.tsx": {"lines":{"total":5,"covered":0,"skipped":0,"pct":0},"functions":{"total":1,"covered":0,"skipped":0,"pct":0},"statements":{"total":5,"covered":0,"skipped":0,"pct":0},"branches":{"total":1,"covered":0,"skipped":0,"pct":0}}
,"/Volumes/GOBLINOS 1/apps/GoblinAssistant/src/screens/HomePage.tsx": {"lines":{"total":10,"covered":0,"skipped":0,"pct":0},"functions":{"total":1,"covered":0,"skipped":0,"pct":0},"statements":{"total":10,"covered":0,"skipped":0,"pct":0},"branches":{"total":1,"covered":0,"skipped":0,"pct":0}}
,"/Volumes/GOBLINOS 1/apps/GoblinAssistant/src/screens/LoginPage.tsx": {"lines":{"total":112,"covered":99,"skipped":0,"pct":88.39},"functions":{"total":6,"covered":3,"skipped":0,"pct":50},"statements":{"total":112,"covered":99,"skipped":0,"pct":88.39},"branches":{"total":16,"covered":12,"skipped":0,"pct":75}}
,"/Volumes/GOBLINOS 1/apps/GoblinAssistant/src/screens/LogsPage.tsx": {"lines":{"total":402,"covered":390,"skipped":0,"pct":97.01},"functions":{"total":17,"covered":14,"skipped":0,"pct":82.35},"statements":{"total":402,"covered":390,"skipped":0,"pct":97.01},"branches":{"total":60,"covered":50,"skipped":0,"pct":83.33}}
,"/Volumes/GOBLINOS 1/apps/GoblinAssistant/src/screens/NotFoundPage.tsx": {"lines":{"total":38,"covered":36,"skipped":0,"pct":94.73},"functions":{"total":2,"covered":1,"skipped":0,"pct":50},"statements":{"total":38,"covered":36,"skipped":0,"pct":94.73},"branches":{"total":1,"covered":1,"skipped":0,"pct":100}}
,"/Volumes/GOBLINOS 1/apps/GoblinAssistant/src/screens/ProvidersPage.tsx": {"lines":{"total":297,"covered":261,"skipped":0,"pct":87.87},"functions":{"total":6,"covered":2,"skipped":0,"pct":33.33},"statements":{"total":297,"covered":261,"skipped":0,"pct":87.87},"branches":{"total":24,"covered":14,"skipped":0,"pct":58.33}}
,"/Volumes/GOBLINOS 1/apps/GoblinAssistant/src/screens/SandboxPage.tsx": {"lines":{"total":10,"covered":0,"skipped":0,"pct":0},"functions":{"total":1,"covered":0,"skipped":0,"pct":0},"statements":{"total":10,"covered":0,"skipped":0,"pct":0},"branches":{"total":1,"covered":0,"skipped":0,"pct":0}}
,"/Volumes/GOBLINOS 1/apps/GoblinAssistant/src/screens/SearchPage.tsx": {"lines":{"total":5,"covered":0,"skipped":0,"pct":0},"functions":{"total":1,"covered":0,"skipped":0,"pct":0},"statements":{"total":5,"covered":0,"skipped":0,"pct":0},"branches":{"total":1,"covered":0,"skipped":0,"pct":0}}
,"/Volumes/GOBLINOS 1/apps/GoblinAssistant/src/screens/SettingsPage.tsx": {"lines":{"total":305,"covered":274,"skipped":0,"pct":89.83},"functions":{"total":4,"covered":1,"skipped":0,"pct":25},"statements":{"total":305,"covered":274,"skipped":0,"pct":89.83},"branches":{"total":41,"covered":30,"skipped":0,"pct":73.17}}
,"/Volumes/GOBLINOS 1/apps/GoblinAssistant/src/screens/StartupScreen.tsx": {"lines":{"total":28,"covered":28,"skipped":0,"pct":100},"functions":{"total":1,"covered":1,"skipped":0,"pct":100},"statements":{"total":28,"covered":28,"skipped":0,"pct":100},"branches":{"total":12,"covered":12,"skipped":0,"pct":100}}
,"/Volumes/GOBLINOS 1/apps/GoblinAssistant/src/services/provider-router.ts": {"lines":{"total":170,"covered":161,"skipped":0,"pct":94.7},"functions":{"total":6,"covered":6,"skipped":0,"pct":100},"statements":{"total":170,"covered":161,"skipped":0,"pct":94.7},"branches":{"total":54,"covered":37,"skipped":0,"pct":68.51}}
,"/Volumes/GOBLINOS 1/apps/GoblinAssistant/src/services/raptor.ts": {"lines":{"total":51,"covered":51,"skipped":0,"pct":100},"functions":{"total":5,"covered":5,"skipped":0,"pct":100},"statements":{"total":51,"covered":51,"skipped":0,"pct":100},"branches":{"total":7,"covered":7,"skipped":0,"pct":100}}
,"/Volumes/GOBLINOS 1/apps/GoblinAssistant/src/store/authStore.ts": {"lines":{"total":187,"covered":162,"skipped":0,"pct":86.63},"functions":{"total":6,"covered":6,"skipped":0,"pct":100},"statements":{"total":187,"covered":162,"skipped":0,"pct":86.63},"branches":{"total":38,"covered":24,"skipped":0,"pct":63.15}}
,"/Volumes/GOBLINOS 1/apps/GoblinAssistant/src/store/uiStore.ts": {"lines":{"total":142,"covered":133,"skipped":0,"pct":93.66},"functions":{"total":11,"covered":10,"skipped":0,"pct":90.9},"statements":{"total":142,"covered":133,"skipped":0,"pct":93.66},"branches":{"total":20,"covered":16,"skipped":0,"pct":80}}
,"/Volumes/GOBLINOS 1/apps/GoblinAssistant/src/theme/fonts.ts": {"lines":{"total":22,"covered":0,"skipped":0,"pct":0},"functions":{"total":1,"covered":0,"skipped":0,"pct":0},"statements":{"total":22,"covered":0,"skipped":0,"pct":0},"branches":{"total":1,"covered":0,"skipped":0,"pct":0}}
,"/Volumes/GOBLINOS 1/apps/GoblinAssistant/src/types/api.ts": {"lines":{"total":469,"covered":469,"skipped":0,"pct":100},"functions":{"total":6,"covered":6,"skipped":0,"pct":100},"statements":{"total":469,"covered":469,"skipped":0,"pct":100},"branches":{"total":22,"covered":19,"skipped":0,"pct":86.36}}
,"/Volumes/GOBLINOS 1/apps/GoblinAssistant/src/types/generated.ts": {"lines":{"total":8,"covered":0,"skipped":0,"pct":0},"functions":{"total":1,"covered":0,"skipped":0,"pct":0},"statements":{"total":8,"covered":0,"skipped":0,"pct":0},"branches":{"total":1,"covered":0,"skipped":0,"pct":0}}
,"/Volumes/GOBLINOS 1/apps/GoblinAssistant/src/utils/access.ts": {"lines":{"total":32,"covered":32,"skipped":0,"pct":100},"functions":{"total":2,"covered":2,"skipped":0,"pct":100},"statements":{"total":32,"covered":32,"skipped":0,"pct":100},"branches":{"total":18,"covered":14,"skipped":0,"pct":77.77}}
,"/Volumes/GOBLINOS 1/apps/GoblinAssistant/src/utils/analytics.ts": {"lines":{"total":50,"covered":50,"skipped":0,"pct":100},"functions":{"total":3,"covered":3,"skipped":0,"pct":100},"statements":{"total":50,"covered":50,"skipped":0,"pct":100},"branches":{"total":10,"covered":9,"skipped":0,"pct":90}}
,"/Volumes/GOBLINOS 1/apps/GoblinAssistant/src/utils/auth-session.ts": {"lines":{"total":105,"covered":96,"skipped":0,"pct":91.42},"functions":{"total":7,"covered":6,"skipped":0,"pct":85.71},"statements":{"total":105,"covered":96,"skipped":0,"pct":91.42},"branches":{"total":20,"covered":12,"skipped":0,"pct":60}}
,"/Volumes/GOBLINOS 1/apps/GoblinAssistant/src/utils/dev-log.ts": {"lines":{"total":50,"covered":50,"skipped":0,"pct":100},"functions":{"total":7,"covered":7,"skipped":0,"pct":100},"statements":{"total":50,"covered":50,"skipped":0,"pct":100},"branches":{"total":9,"covered":9,"skipped":0,"pct":100}}
,"/Volumes/GOBLINOS 1/apps/GoblinAssistant/src/utils/error-tracking.ts": {"lines":{"total":344,"covered":292,"skipped":0,"pct":84.88},"functions":{"total":17,"covered":16,"skipped":0,"pct":94.11},"statements":{"total":344,"covered":292,"skipped":0,"pct":84.88},"branches":{"total":39,"covered":31,"skipped":0,"pct":79.48}}
,"/Volumes/GOBLINOS 1/apps/GoblinAssistant/src/utils/format-cost.ts": {"lines":{"total":17,"covered":17,"skipped":0,"pct":100},"functions":{"total":1,"covered":1,"skipped":0,"pct":100},"statements":{"total":17,"covered":17,"skipped":0,"pct":100},"branches":{"total":2,"covered":2,"skipped":0,"pct":100}}
,"/Volumes/GOBLINOS 1/apps/GoblinAssistant/src/utils/monitoring.ts": {"lines":{"total":108,"covered":55,"skipped":0,"pct":50.92},"functions":{"total":4,"covered":4,"skipped":0,"pct":100},"statements":{"total":108,"covered":55,"skipped":0,"pct":50.92},"branches":{"total":23,"covered":12,"skipped":0,"pct":52.17}}
,"/Volumes/GOBLINOS 1/apps/GoblinAssistant/src/utils/startup-diagnostics.ts": {"lines":{"total":53,"covered":27,"skipped":0,"pct":50.94},"functions":{"total":3,"covered":0,"skipped":0,"pct":0},"statements":{"total":53,"covered":27,"skipped":0,"pct":50.94},"branches":{"total":0,"covered":0,"skipped":0,"pct":100}}
}
