{"/Volumes/GOBLINOS 1/apps/goblin-assistant/src/store/authStore.ts": {"path":"/Volumes/GOBLINOS 1/apps/goblin-assistant/src/store/authStore.ts","all":false,"statementMap":{"0":{"start":{"line":1,"column":0},"end":{"line":1,"column":33}},"1":{"start":{"line":2,"column":0},"end":{"line":2,"column":41}},"2":{"start":{"line":3,"column":0},"end":{"line":3,"column":58}},"3":{"start":{"line":4,"column":0},"end":{"line":4,"column":91}},"4":{"start":{"line":5,"column":0},"end":{"line":5,"column":39}},"5":{"start":{"line":6,"column":0},"end":{"line":6,"column":0}},"6":{"start":{"line":7,"column":0},"end":{"line":7,"column":21}},"7":{"start":{"line":8,"column":0},"end":{"line":8,"column":16}},"8":{"start":{"line":9,"column":0},"end":{"line":9,"column":13}},"9":{"start":{"line":10,"column":0},"end":{"line":10,"column":28}},"10":{"start":{"line":11,"column":0},"end":{"line":11,"column":2}},"11":{"start":{"line":12,"column":0},"end":{"line":12,"column":0}},"12":{"start":{"line":13,"column":0},"end":{"line":13,"column":21}},"13":{"start":{"line":14,"column":0},"end":{"line":14,"column":20}},"14":{"start":{"line":15,"column":0},"end":{"line":15,"column":23}},"15":{"start":{"line":16,"column":0},"end":{"line":16,"column":27}},"16":{"start":{"line":17,"column":0},"end":{"line":17,"column":21}},"17":{"start":{"line":18,"column":0},"end":{"line":18,"column":22}},"18":{"start":{"line":19,"column":0},"end":{"line":19,"column":44}},"19":{"start":{"line":20,"column":0},"end":{"line":20,"column":44}},"20":{"start":{"line":21,"column":0},"end":{"line":21,"column":27}},"21":{"start":{"line":22,"column":0},"end":{"line":22,"column":37}},"22":{"start":{"line":23,"column":0},"end":{"line":23,"column":43}},"23":{"start":{"line":24,"column":0},"end":{"line":24,"column":1}},"24":{"start":{"line":25,"column":0},"end":{"line":25,"column":0}},"25":{"start":{"line":26,"column":0},"end":{"line":26,"column":58}},"26":{"start":{"line":27,"column":0},"end":{"line":27,"column":26}},"27":{"start":{"line":28,"column":0},"end":{"line":28,"column":7}},"28":{"start":{"line":29,"column":0},"end":{"line":29,"column":29}},"29":{"start":{"line":30,"column":0},"end":{"line":30,"column":11}},"30":{"start":{"line":31,"column":0},"end":{"line":31,"column":16}},"31":{"start":{"line":32,"column":0},"end":{"line":32,"column":3}},"32":{"start":{"line":33,"column":0},"end":{"line":33,"column":2}},"33":{"start":{"line":34,"column":0},"end":{"line":34,"column":0}},"34":{"start":{"line":35,"column":0},"end":{"line":35,"column":50}},"35":{"start":{"line":36,"column":0},"end":{"line":36,"column":0}},"36":{"start":{"line":37,"column":0},"end":{"line":37,"column":3}},"37":{"start":{"line":38,"column":0},"end":{"line":38,"column":41}},"38":{"start":{"line":39,"column":0},"end":{"line":39,"column":2}},"39":{"start":{"line":40,"column":0},"end":{"line":40,"column":70}},"40":{"start":{"line":41,"column":0},"end":{"line":41,"column":79}},"41":{"start":{"line":42,"column":0},"end":{"line":42,"column":3}},"42":{"start":{"line":43,"column":0},"end":{"line":43,"column":62}},"43":{"start":{"line":44,"column":0},"end":{"line":44,"column":13}},"44":{"start":{"line":45,"column":0},"end":{"line":45,"column":14}},"45":{"start":{"line":46,"column":0},"end":{"line":46,"column":25}},"46":{"start":{"line":47,"column":0},"end":{"line":47,"column":19}},"47":{"start":{"line":48,"column":0},"end":{"line":48,"column":20}},"48":{"start":{"line":49,"column":0},"end":{"line":49,"column":0}},"49":{"start":{"line":50,"column":0},"end":{"line":50,"column":61}},"50":{"start":{"line":51,"column":0},"end":{"line":51,"column":51}},"51":{"start":{"line":52,"column":0},"end":{"line":52,"column":9}},"52":{"start":{"line":53,"column":0},"end":{"line":53,"column":12}},"53":{"start":{"line":54,"column":0},"end":{"line":54,"column":11}},"54":{"start":{"line":55,"column":0},"end":{"line":55,"column":46}},"55":{"start":{"line":56,"column":0},"end":{"line":56,"column":23}},"56":{"start":{"line":57,"column":0},"end":{"line":57,"column":23}},"57":{"start":{"line":58,"column":0},"end":{"line":58,"column":7}},"58":{"start":{"line":59,"column":0},"end":{"line":59,"column":4}},"59":{"start":{"line":60,"column":0},"end":{"line":60,"column":0}},"60":{"start":{"line":61,"column":0},"end":{"line":61,"column":23}},"61":{"start":{"line":62,"column":0},"end":{"line":62,"column":23}},"62":{"start":{"line":63,"column":0},"end":{"line":63,"column":9}},"63":{"start":{"line":64,"column":0},"end":{"line":64,"column":18}},"64":{"start":{"line":65,"column":0},"end":{"line":65,"column":17}},"65":{"start":{"line":66,"column":0},"end":{"line":66,"column":29}},"66":{"start":{"line":67,"column":0},"end":{"line":67,"column":23}},"67":{"start":{"line":68,"column":0},"end":{"line":68,"column":7}},"68":{"start":{"line":69,"column":0},"end":{"line":69,"column":4}},"69":{"start":{"line":70,"column":0},"end":{"line":70,"column":0}},"70":{"start":{"line":71,"column":0},"end":{"line":71,"column":37}},"71":{"start":{"line":72,"column":0},"end":{"line":72,"column":40}},"72":{"start":{"line":73,"column":0},"end":{"line":73,"column":50}},"73":{"start":{"line":74,"column":0},"end":{"line":74,"column":13}},"74":{"start":{"line":75,"column":0},"end":{"line":75,"column":5}},"75":{"start":{"line":76,"column":0},"end":{"line":76,"column":0}},"76":{"start":{"line":77,"column":0},"end":{"line":77,"column":50}},"77":{"start":{"line":78,"column":0},"end":{"line":78,"column":46}},"78":{"start":{"line":79,"column":0},"end":{"line":79,"column":50}},"79":{"start":{"line":80,"column":0},"end":{"line":80,"column":13}},"80":{"start":{"line":81,"column":0},"end":{"line":81,"column":5}},"81":{"start":{"line":82,"column":0},"end":{"line":82,"column":0}},"82":{"start":{"line":83,"column":0},"end":{"line":83,"column":37}},"83":{"start":{"line":84,"column":0},"end":{"line":84,"column":31}},"84":{"start":{"line":85,"column":0},"end":{"line":85,"column":0}},"85":{"start":{"line":86,"column":0},"end":{"line":86,"column":41}},"86":{"start":{"line":87,"column":0},"end":{"line":87,"column":73}},"87":{"start":{"line":88,"column":0},"end":{"line":88,"column":73}},"88":{"start":{"line":89,"column":0},"end":{"line":89,"column":0}},"89":{"start":{"line":90,"column":0},"end":{"line":90,"column":24}},"90":{"start":{"line":91,"column":0},"end":{"line":91,"column":13}},"91":{"start":{"line":92,"column":0},"end":{"line":92,"column":29}},"92":{"start":{"line":93,"column":0},"end":{"line":93,"column":27}},"93":{"start":{"line":94,"column":0},"end":{"line":94,"column":76}},"94":{"start":{"line":95,"column":0},"end":{"line":95,"column":77}},"95":{"start":{"line":96,"column":0},"end":{"line":96,"column":32}},"96":{"start":{"line":97,"column":0},"end":{"line":97,"column":11}},"97":{"start":{"line":98,"column":0},"end":{"line":98,"column":7}},"98":{"start":{"line":99,"column":0},"end":{"line":99,"column":0}},"99":{"start":{"line":100,"column":0},"end":{"line":100,"column":25}},"100":{"start":{"line":101,"column":0},"end":{"line":101,"column":52}},"101":{"start":{"line":102,"column":0},"end":{"line":102,"column":15}},"102":{"start":{"line":103,"column":0},"end":{"line":103,"column":7}},"103":{"start":{"line":104,"column":0},"end":{"line":104,"column":0}},"104":{"start":{"line":105,"column":0},"end":{"line":105,"column":11}},"105":{"start":{"line":106,"column":0},"end":{"line":106,"column":94}},"106":{"start":{"line":107,"column":0},"end":{"line":107,"column":49}},"107":{"start":{"line":108,"column":0},"end":{"line":108,"column":31}},"108":{"start":{"line":109,"column":0},"end":{"line":109,"column":54}},"109":{"start":{"line":110,"column":0},"end":{"line":110,"column":17}},"110":{"start":{"line":111,"column":0},"end":{"line":111,"column":9}},"111":{"start":{"line":112,"column":0},"end":{"line":112,"column":0}},"112":{"start":{"line":113,"column":0},"end":{"line":113,"column":76}},"113":{"start":{"line":114,"column":0},"end":{"line":114,"column":29}},"114":{"start":{"line":115,"column":0},"end":{"line":115,"column":85}},"115":{"start":{"line":116,"column":0},"end":{"line":116,"column":27}},"116":{"start":{"line":117,"column":0},"end":{"line":117,"column":25}},"117":{"start":{"line":118,"column":0},"end":{"line":118,"column":0}},"118":{"start":{"line":119,"column":0},"end":{"line":119,"column":77}},"119":{"start":{"line":120,"column":0},"end":{"line":120,"column":29}},"120":{"start":{"line":121,"column":0},"end":{"line":121,"column":15}},"121":{"start":{"line":122,"column":0},"end":{"line":122,"column":31}},"122":{"start":{"line":123,"column":0},"end":{"line":123,"column":29}},"123":{"start":{"line":124,"column":0},"end":{"line":124,"column":34}},"124":{"start":{"line":125,"column":0},"end":{"line":125,"column":29}},"125":{"start":{"line":126,"column":0},"end":{"line":126,"column":29}},"126":{"start":{"line":127,"column":0},"end":{"line":127,"column":13}},"127":{"start":{"line":128,"column":0},"end":{"line":128,"column":17}},"128":{"start":{"line":129,"column":0},"end":{"line":129,"column":9}},"129":{"start":{"line":130,"column":0},"end":{"line":130,"column":0}},"130":{"start":{"line":131,"column":0},"end":{"line":131,"column":76}},"131":{"start":{"line":132,"column":0},"end":{"line":132,"column":54}},"132":{"start":{"line":133,"column":0},"end":{"line":133,"column":17}},"133":{"start":{"line":134,"column":0},"end":{"line":134,"column":9}},"134":{"start":{"line":135,"column":0},"end":{"line":135,"column":0}},"135":{"start":{"line":136,"column":0},"end":{"line":136,"column":80}},"136":{"start":{"line":137,"column":0},"end":{"line":137,"column":28}},"137":{"start":{"line":138,"column":0},"end":{"line":138,"column":29}},"138":{"start":{"line":139,"column":0},"end":{"line":139,"column":30}},"139":{"start":{"line":140,"column":0},"end":{"line":140,"column":41}},"140":{"start":{"line":141,"column":0},"end":{"line":141,"column":11}},"141":{"start":{"line":142,"column":0},"end":{"line":142,"column":0}},"142":{"start":{"line":143,"column":0},"end":{"line":143,"column":13}},"143":{"start":{"line":144,"column":0},"end":{"line":144,"column":29}},"144":{"start":{"line":145,"column":0},"end":{"line":145,"column":30}},"145":{"start":{"line":146,"column":0},"end":{"line":146,"column":32}},"146":{"start":{"line":147,"column":0},"end":{"line":147,"column":27}},"147":{"start":{"line":148,"column":0},"end":{"line":148,"column":27}},"148":{"start":{"line":149,"column":0},"end":{"line":149,"column":11}},"149":{"start":{"line":150,"column":0},"end":{"line":150,"column":23}},"150":{"start":{"line":151,"column":0},"end":{"line":151,"column":22}},"151":{"start":{"line":152,"column":0},"end":{"line":152,"column":74}},"152":{"start":{"line":153,"column":0},"end":{"line":153,"column":60}},"153":{"start":{"line":154,"column":0},"end":{"line":154,"column":24}},"154":{"start":{"line":155,"column":0},"end":{"line":155,"column":0}},"155":{"start":{"line":156,"column":0},"end":{"line":156,"column":55}},"156":{"start":{"line":157,"column":0},"end":{"line":157,"column":47}},"157":{"start":{"line":158,"column":0},"end":{"line":158,"column":31}},"158":{"start":{"line":159,"column":0},"end":{"line":159,"column":54}},"159":{"start":{"line":160,"column":0},"end":{"line":160,"column":17}},"160":{"start":{"line":161,"column":0},"end":{"line":161,"column":9}},"161":{"start":{"line":162,"column":0},"end":{"line":162,"column":0}},"162":{"start":{"line":163,"column":0},"end":{"line":163,"column":76}},"163":{"start":{"line":164,"column":0},"end":{"line":164,"column":52}},"164":{"start":{"line":165,"column":0},"end":{"line":165,"column":7}},"165":{"start":{"line":166,"column":0},"end":{"line":166,"column":9}},"166":{"start":{"line":167,"column":0},"end":{"line":167,"column":0}},"167":{"start":{"line":168,"column":0},"end":{"line":168,"column":9}},"168":{"start":{"line":169,"column":0},"end":{"line":169,"column":29}},"169":{"start":{"line":170,"column":0},"end":{"line":170,"column":15}},"170":{"start":{"line":171,"column":0},"end":{"line":171,"column":30}},"171":{"start":{"line":172,"column":0},"end":{"line":172,"column":5}},"172":{"start":{"line":173,"column":0},"end":{"line":173,"column":4}},"173":{"start":{"line":174,"column":0},"end":{"line":174,"column":0}},"174":{"start":{"line":175,"column":0},"end":{"line":175,"column":30}},"175":{"start":{"line":176,"column":0},"end":{"line":176,"column":27}},"176":{"start":{"line":177,"column":0},"end":{"line":177,"column":28}},"177":{"start":{"line":178,"column":0},"end":{"line":178,"column":69}},"178":{"start":{"line":179,"column":0},"end":{"line":179,"column":4}},"179":{"start":{"line":180,"column":0},"end":{"line":180,"column":0}},"180":{"start":{"line":181,"column":0},"end":{"line":181,"column":36}},"181":{"start":{"line":182,"column":0},"end":{"line":182,"column":27}},"182":{"start":{"line":183,"column":0},"end":{"line":183,"column":28}},"183":{"start":{"line":184,"column":0},"end":{"line":184,"column":89}},"184":{"start":{"line":185,"column":0},"end":{"line":185,"column":4}},"185":{"start":{"line":186,"column":0},"end":{"line":186,"column":4}}},"s":{"0":1,"1":1,"2":1,"3":1,"4":1,"5":1,"6":1,"7":1,"8":1,"9":1,"10":1,"11":1,"12":1,"13":1,"14":1,"15":1,"16":1,"17":1,"18":1,"19":1,"20":1,"21":1,"22":1,"23":1,"24":1,"25":1,"26":4,"27":4,"28":4,"29":4,"30":0,"31":0,"32":4,"33":1,"34":1,"35":1,"36":1,"37":1,"38":1,"39":1,"40":1,"41":1,"42":1,"43":4,"44":4,"45":4,"46":4,"47":4,"48":4,"49":4,"50":0,"51":0,"52":0,"53":0,"54":0,"55":0,"56":0,"57":0,"58":0,"59":4,"60":4,"61":2,"62":2,"63":2,"64":2,"65":2,"66":2,"67":2,"68":2,"69":4,"70":4,"71":4,"72":0,"73":0,"74":0,"75":4,"76":4,"77":4,"78":0,"79":0,"80":0,"81":4,"82":4,"83":4,"84":4,"85":4,"86":4,"87":4,"88":4,"89":4,"90":4,"91":4,"92":4,"93":4,"94":4,"95":4,"96":4,"97":4,"98":4,"99":4,"100":0,"101":0,"102":0,"103":4,"104":4,"105":4,"106":4,"107":1,"108":1,"109":1,"110":1,"111":1,"112":4,"113":4,"114":4,"115":1,"116":0,"117":4,"118":4,"119":4,"120":0,"121":0,"122":0,"123":0,"124":0,"125":0,"126":0,"127":0,"128":0,"129":1,"130":4,"131":0,"132":0,"133":0,"134":1,"135":1,"136":1,"137":1,"138":1,"139":1,"140":4,"141":4,"142":4,"143":4,"144":4,"145":4,"146":4,"147":4,"148":4,"149":4,"150":2,"151":2,"152":2,"153":0,"154":2,"155":2,"156":2,"157":1,"158":1,"159":1,"160":1,"161":1,"162":1,"163":1,"164":1,"165":4,"166":4,"167":4,"168":4,"169":4,"170":4,"171":4,"172":4,"173":4,"174":4,"175":0,"176":0,"177":0,"178":0,"179":4,"180":4,"181":0,"182":0,"183":0,"184":0,"185":4},"branchMap":{"0":{"type":"branch","line":26,"loc":{"start":{"line":26,"column":22},"end":{"line":33,"column":2}},"locations":[{"start":{"line":26,"column":22},"end":{"line":33,"column":2}}]},"1":{"type":"branch","line":27,"loc":{"start":{"line":27,"column":14},"end":{"line":27,"column":26}},"locations":[{"start":{"line":27,"column":14},"end":{"line":27,"column":26}}]},"2":{"type":"branch","line":30,"loc":{"start":{"line":30,"column":4},"end":{"line":32,"column":3}},"locations":[{"start":{"line":30,"column":4},"end":{"line":32,"column":3}}]},"3":{"type":"branch","line":43,"loc":{"start":{"line":43,"column":46},"end":{"line":186,"column":4}},"locations":[{"start":{"line":43,"column":46},"end":{"line":186,"column":4}}]},"4":{"type":"branch","line":61,"loc":{"start":{"line":61,"column":16},"end":{"line":69,"column":4}},"locations":[{"start":{"line":61,"column":16},"end":{"line":69,"column":4}}]},"5":{"type":"branch","line":71,"loc":{"start":{"line":71,"column":24},"end":{"line":173,"column":4}},"locations":[{"start":{"line":71,"column":24},"end":{"line":173,"column":4}}]},"6":{"type":"branch","line":72,"loc":{"start":{"line":72,"column":39},"end":{"line":75,"column":5}},"locations":[{"start":{"line":72,"column":39},"end":{"line":75,"column":5}}]},"7":{"type":"branch","line":77,"loc":{"start":{"line":77,"column":26},"end":{"line":77,"column":50}},"locations":[{"start":{"line":77,"column":26},"end":{"line":77,"column":50}}]},"8":{"type":"branch","line":78,"loc":{"start":{"line":78,"column":45},"end":{"line":81,"column":5}},"locations":[{"start":{"line":78,"column":45},"end":{"line":81,"column":5}}]},"9":{"type":"branch","line":83,"loc":{"start":{"line":83,"column":24},"end":{"line":166,"column":9}},"locations":[{"start":{"line":83,"column":24},"end":{"line":166,"column":9}}]},"10":{"type":"branch","line":100,"loc":{"start":{"line":100,"column":24},"end":{"line":103,"column":7}},"locations":[{"start":{"line":100,"column":24},"end":{"line":103,"column":7}}]},"11":{"type":"branch","line":106,"loc":{"start":{"line":106,"column":55},"end":{"line":107,"column":48}},"locations":[{"start":{"line":106,"column":55},"end":{"line":107,"column":48}}]},"12":{"type":"branch","line":107,"loc":{"start":{"line":107,"column":48},"end":{"line":113,"column":53}},"locations":[{"start":{"line":107,"column":48},"end":{"line":113,"column":53}}]},"13":{"type":"branch","line":113,"loc":{"start":{"line":113,"column":53},"end":{"line":113,"column":68}},"locations":[{"start":{"line":113,"column":53},"end":{"line":113,"column":68}}]},"14":{"type":"branch","line":113,"loc":{"start":{"line":113,"column":68},"end":{"line":113,"column":76}},"locations":[{"start":{"line":113,"column":68},"end":{"line":113,"column":76}}]},"15":{"type":"branch","line":115,"loc":{"start":{"line":115,"column":10},"end":{"line":115,"column":64}},"locations":[{"start":{"line":115,"column":10},"end":{"line":115,"column":64}}]},"16":{"type":"branch","line":115,"loc":{"start":{"line":115,"column":52},"end":{"line":115,"column":85}},"locations":[{"start":{"line":115,"column":52},"end":{"line":115,"column":85}}]},"17":{"type":"branch","line":115,"loc":{"start":{"line":115,"column":72},"end":{"line":116,"column":27}},"locations":[{"start":{"line":115,"column":72},"end":{"line":116,"column":27}}]},"18":{"type":"branch","line":116,"loc":{"start":{"line":116,"column":14},"end":{"line":117,"column":25}},"locations":[{"start":{"line":116,"column":14},"end":{"line":117,"column":25}}]},"19":{"type":"branch","line":120,"loc":{"start":{"line":120,"column":28},"end":{"line":131,"column":75}},"locations":[{"start":{"line":120,"column":28},"end":{"line":131,"column":75}}]},"20":{"type":"branch","line":120,"loc":{"start":{"line":120,"column":28},"end":{"line":129,"column":9}},"locations":[{"start":{"line":120,"column":28},"end":{"line":129,"column":9}}]},"21":{"type":"branch","line":131,"loc":{"start":{"line":131,"column":75},"end":{"line":140,"column":41}},"locations":[{"start":{"line":131,"column":75},"end":{"line":140,"column":41}}]},"22":{"type":"branch","line":131,"loc":{"start":{"line":131,"column":75},"end":{"line":134,"column":9}},"locations":[{"start":{"line":131,"column":75},"end":{"line":134,"column":9}}]},"23":{"type":"branch","line":150,"loc":{"start":{"line":150,"column":8},"end":{"line":165,"column":7}},"locations":[{"start":{"line":150,"column":8},"end":{"line":165,"column":7}}]},"24":{"type":"branch","line":153,"loc":{"start":{"line":153,"column":59},"end":{"line":154,"column":24}},"locations":[{"start":{"line":153,"column":59},"end":{"line":154,"column":24}}]},"25":{"type":"branch","line":157,"loc":{"start":{"line":157,"column":23},"end":{"line":157,"column":46}},"locations":[{"start":{"line":157,"column":23},"end":{"line":157,"column":46}}]},"26":{"type":"branch","line":157,"loc":{"start":{"line":157,"column":46},"end":{"line":165,"column":7}},"locations":[{"start":{"line":157,"column":46},"end":{"line":165,"column":7}}]}},"b":{"0":[4],"1":[0],"2":[0],"3":[4],"4":[2],"5":[4],"6":[0],"7":[0],"8":[0],"9":[4],"10":[0],"11":[2],"12":[1],"13":[1],"14":[0],"15":[1],"16":[1],"17":[1],"18":[0],"19":[1],"20":[0],"21":[1],"22":[0],"23":[2],"24":[0],"25":[1],"26":[1]},"fnMap":{"0":{"name":"safeJsonParse","decl":{"start":{"line":26,"column":22},"end":{"line":33,"column":2}},"loc":{"start":{"line":26,"column":22},"end":{"line":33,"column":2}},"line":26},"1":{"name":"setSession","decl":{"start":{"line":50,"column":14},"end":{"line":59,"column":4}},"loc":{"start":{"line":50,"column":14},"end":{"line":59,"column":4}},"line":50},"2":{"name":"clearSession","decl":{"start":{"line":61,"column":16},"end":{"line":69,"column":4}},"loc":{"start":{"line":61,"column":16},"end":{"line":69,"column":4}},"line":61},"3":{"name":"bootstrapFromSession","decl":{"start":{"line":71,"column":24},"end":{"line":173,"column":4}},"loc":{"start":{"line":71,"column":24},"end":{"line":173,"column":4}},"line":71},"4":{"name":"hasRole","decl":{"start":{"line":175,"column":11},"end":{"line":179,"column":4}},"loc":{"start":{"line":175,"column":11},"end":{"line":179,"column":4}},"line":175},"5":{"name":"hasAnyRole","decl":{"start":{"line":181,"column":14},"end":{"line":185,"column":4}},"loc":{"start":{"line":181,"column":14},"end":{"line":185,"column":4}},"line":181}},"f":{"0":4,"1":0,"2":2,"3":4,"4":0,"5":0}}
,"/Volumes/GOBLINOS 1/apps/goblin-assistant/src/utils/access.ts": {"path":"/Volumes/GOBLINOS 1/apps/goblin-assistant/src/utils/access.ts","all":false,"statementMap":{"0":{"start":{"line":1,"column":0},"end":{"line":1,"column":29}},"1":{"start":{"line":2,"column":0},"end":{"line":2,"column":17}},"2":{"start":{"line":3,"column":0},"end":{"line":3,"column":16}},"3":{"start":{"line":4,"column":0},"end":{"line":4,"column":19}},"4":{"start":{"line":5,"column":0},"end":{"line":5,"column":1}},"5":{"start":{"line":6,"column":0},"end":{"line":6,"column":0}},"6":{"start":{"line":7,"column":0},"end":{"line":7,"column":47}},"7":{"start":{"line":8,"column":0},"end":{"line":8,"column":15}},"8":{"start":{"line":9,"column":0},"end":{"line":9,"column":15}},"9":{"start":{"line":10,"column":0},"end":{"line":10,"column":43}},"10":{"start":{"line":11,"column":0},"end":{"line":11,"column":21}},"11":{"start":{"line":12,"column":0},"end":{"line":12,"column":0}},"12":{"start":{"line":13,"column":0},"end":{"line":13,"column":69}},"13":{"start":{"line":14,"column":0},"end":{"line":14,"column":71}},"14":{"start":{"line":15,"column":0},"end":{"line":15,"column":0}},"15":{"start":{"line":16,"column":0},"end":{"line":16,"column":67}},"16":{"start":{"line":17,"column":0},"end":{"line":17,"column":26}},"17":{"start":{"line":18,"column":0},"end":{"line":18,"column":0}},"18":{"start":{"line":19,"column":0},"end":{"line":19,"column":40}},"19":{"start":{"line":20,"column":0},"end":{"line":20,"column":61}},"20":{"start":{"line":21,"column":0},"end":{"line":21,"column":74}},"21":{"start":{"line":22,"column":0},"end":{"line":22,"column":80}},"22":{"start":{"line":23,"column":0},"end":{"line":23,"column":0}},"23":{"start":{"line":24,"column":0},"end":{"line":24,"column":42}},"24":{"start":{"line":25,"column":0},"end":{"line":25,"column":27}},"25":{"start":{"line":26,"column":0},"end":{"line":26,"column":48}},"26":{"start":{"line":27,"column":0},"end":{"line":27,"column":0}},"27":{"start":{"line":28,"column":0},"end":{"line":28,"column":37}},"28":{"start":{"line":29,"column":0},"end":{"line":29,"column":60}},"29":{"start":{"line":30,"column":0},"end":{"line":30,"column":0}},"30":{"start":{"line":31,"column":0},"end":{"line":31,"column":15}},"31":{"start":{"line":32,"column":0},"end":{"line":32,"column":2}}},"s":{"0":1,"1":1,"2":1,"3":1,"4":1,"5":1,"6":1,"7":8,"8":8,"9":8,"10":8,"11":1,"12":1,"13":1,"14":1,"15":1,"16":1,"17":1,"18":1,"19":1,"20":1,"21":1,"22":1,"23":1,"24":1,"25":1,"26":1,"27":1,"28":1,"29":1,"30":1,"31":1},"branchMap":{"0":{"type":"branch","line":7,"loc":{"start":{"line":7,"column":18},"end":{"line":11,"column":21}},"locations":[{"start":{"line":7,"column":18},"end":{"line":11,"column":21}}]},"1":{"type":"branch","line":10,"loc":{"start":{"line":10,"column":9},"end":{"line":10,"column":43}},"locations":[{"start":{"line":10,"column":9},"end":{"line":10,"column":43}}]},"2":{"type":"branch","line":16,"loc":{"start":{"line":16,"column":27},"end":{"line":32,"column":2}},"locations":[{"start":{"line":16,"column":27},"end":{"line":32,"column":2}}]},"3":{"type":"branch","line":17,"loc":{"start":{"line":17,"column":13},"end":{"line":17,"column":26}},"locations":[{"start":{"line":17,"column":13},"end":{"line":17,"column":26}}]},"4":{"type":"branch","line":21,"loc":{"start":{"line":21,"column":62},"end":{"line":21,"column":74}},"locations":[{"start":{"line":21,"column":62},"end":{"line":21,"column":74}}]},"5":{"type":"branch","line":22,"loc":{"start":{"line":22,"column":68},"end":{"line":22,"column":80}},"locations":[{"start":{"line":22,"column":68},"end":{"line":22,"column":80}}]},"6":{"type":"branch","line":25,"loc":{"start":{"line":25,"column":14},"end":{"line":25,"column":27}},"locations":[{"start":{"line":25,"column":14},"end":{"line":25,"column":27}}]},"7":{"type":"branch","line":26,"loc":{"start":{"line":26,"column":36},"end":{"line":26,"column":48}},"locations":[{"start":{"line":26,"column":36},"end":{"line":26,"column":48}}]},"8":{"type":"branch","line":29,"loc":{"start":{"line":29,"column":48},"end":{"line":29,"column":60}},"locations":[{"start":{"line":29,"column":48},"end":{"line":29,"column":60}}]}},"b":{"0":[8],"1":[8],"2":[1],"3":[0],"4":[0],"5":[0],"6":[0],"7":[0],"8":[0]},"fnMap":{"0":{"name":"parseList","decl":{"start":{"line":7,"column":18},"end":{"line":11,"column":21}},"loc":{"start":{"line":7,"column":18},"end":{"line":11,"column":21}},"line":7},"1":{"name":"isAdminUser","decl":{"start":{"line":16,"column":27},"end":{"line":32,"column":2}},"loc":{"start":{"line":16,"column":27},"end":{"line":32,"column":2}},"line":16}},"f":{"0":8,"1":1}}
,"/Volumes/GOBLINOS 1/apps/goblin-assistant/src/utils/auth-session.ts": {"path":"/Volumes/GOBLINOS 1/apps/goblin-assistant/src/utils/auth-session.ts","all":false,"statementMap":{"0":{"start":{"line":1,"column":0},"end":{"line":1,"column":56}},"1":{"start":{"line":2,"column":0},"end":{"line":2,"column":0}},"2":{"start":{"line":3,"column":0},"end":{"line":3,"column":39}},"3":{"start":{"line":4,"column":0},"end":{"line":4,"column":36}},"4":{"start":{"line":5,"column":0},"end":{"line":5,"column":45}},"5":{"start":{"line":6,"column":0},"end":{"line":6,"column":44}},"6":{"start":{"line":7,"column":0},"end":{"line":7,"column":50}},"7":{"start":{"line":8,"column":0},"end":{"line":8,"column":0}},"8":{"start":{"line":9,"column":0},"end":{"line":9,"column":49}},"9":{"start":{"line":10,"column":0},"end":{"line":10,"column":43}},"10":{"start":{"line":11,"column":0},"end":{"line":11,"column":62}},"11":{"start":{"line":12,"column":0},"end":{"line":12,"column":61}},"12":{"start":{"line":13,"column":0},"end":{"line":13,"column":3}},"13":{"start":{"line":14,"column":0},"end":{"line":14,"column":79}},"14":{"start":{"line":15,"column":0},"end":{"line":15,"column":25}},"15":{"start":{"line":16,"column":0},"end":{"line":16,"column":3}},"16":{"start":{"line":17,"column":0},"end":{"line":17,"column":26}},"17":{"start":{"line":18,"column":0},"end":{"line":18,"column":2}},"18":{"start":{"line":19,"column":0},"end":{"line":19,"column":0}},"19":{"start":{"line":20,"column":0},"end":{"line":20,"column":75}},"20":{"start":{"line":21,"column":0},"end":{"line":21,"column":46}},"21":{"start":{"line":22,"column":0},"end":{"line":22,"column":82}},"22":{"start":{"line":23,"column":0},"end":{"line":23,"column":2}},"23":{"start":{"line":24,"column":0},"end":{"line":24,"column":0}},"24":{"start":{"line":25,"column":0},"end":{"line":25,"column":45}},"25":{"start":{"line":26,"column":0},"end":{"line":26,"column":46}},"26":{"start":{"line":27,"column":0},"end":{"line":27,"column":50}},"27":{"start":{"line":28,"column":0},"end":{"line":28,"column":2}},"28":{"start":{"line":29,"column":0},"end":{"line":29,"column":0}},"29":{"start":{"line":30,"column":0},"end":{"line":30,"column":28}},"30":{"start":{"line":31,"column":0},"end":{"line":31,"column":24}},"31":{"start":{"line":32,"column":0},"end":{"line":32,"column":27}},"32":{"start":{"line":33,"column":0},"end":{"line":33,"column":28}},"33":{"start":{"line":34,"column":0},"end":{"line":34,"column":1}},"34":{"start":{"line":35,"column":0},"end":{"line":35,"column":0}},"35":{"start":{"line":36,"column":0},"end":{"line":36,"column":3}},"36":{"start":{"line":37,"column":0},"end":{"line":37,"column":34}},"37":{"start":{"line":38,"column":0},"end":{"line":38,"column":2}},"38":{"start":{"line":39,"column":0},"end":{"line":39,"column":78}},"39":{"start":{"line":40,"column":0},"end":{"line":40,"column":79}},"40":{"start":{"line":41,"column":0},"end":{"line":41,"column":67}},"41":{"start":{"line":42,"column":0},"end":{"line":42,"column":2}},"42":{"start":{"line":43,"column":0},"end":{"line":43,"column":73}},"43":{"start":{"line":44,"column":0},"end":{"line":44,"column":73}},"44":{"start":{"line":45,"column":0},"end":{"line":45,"column":51}},"45":{"start":{"line":46,"column":0},"end":{"line":46,"column":3}},"46":{"start":{"line":47,"column":0},"end":{"line":47,"column":91}},"47":{"start":{"line":48,"column":0},"end":{"line":48,"column":44}},"48":{"start":{"line":49,"column":0},"end":{"line":49,"column":0}},"49":{"start":{"line":50,"column":0},"end":{"line":50,"column":16}},"50":{"start":{"line":51,"column":0},"end":{"line":51,"column":63}},"51":{"start":{"line":52,"column":0},"end":{"line":52,"column":30}},"52":{"start":{"line":53,"column":0},"end":{"line":53,"column":32}},"53":{"start":{"line":54,"column":0},"end":{"line":54,"column":0}},"54":{"start":{"line":55,"column":0},"end":{"line":55,"column":14}},"55":{"start":{"line":56,"column":0},"end":{"line":56,"column":81}},"56":{"start":{"line":57,"column":0},"end":{"line":57,"column":51}},"57":{"start":{"line":58,"column":0},"end":{"line":58,"column":65}},"58":{"start":{"line":59,"column":0},"end":{"line":59,"column":45}},"59":{"start":{"line":60,"column":0},"end":{"line":60,"column":3}},"60":{"start":{"line":61,"column":0},"end":{"line":61,"column":0}},"61":{"start":{"line":62,"column":0},"end":{"line":62,"column":13}},"62":{"start":{"line":63,"column":0},"end":{"line":63,"column":74}},"63":{"start":{"line":64,"column":0},"end":{"line":64,"column":60}},"64":{"start":{"line":65,"column":0},"end":{"line":65,"column":67}},"65":{"start":{"line":66,"column":0},"end":{"line":66,"column":3}},"66":{"start":{"line":67,"column":0},"end":{"line":67,"column":2}},"67":{"start":{"line":68,"column":0},"end":{"line":68,"column":0}},"68":{"start":{"line":69,"column":0},"end":{"line":69,"column":3}},"69":{"start":{"line":70,"column":0},"end":{"line":70,"column":85}},"70":{"start":{"line":71,"column":0},"end":{"line":71,"column":3}},"71":{"start":{"line":72,"column":0},"end":{"line":72,"column":50}},"72":{"start":{"line":73,"column":0},"end":{"line":73,"column":51}},"73":{"start":{"line":74,"column":0},"end":{"line":74,"column":21}},"74":{"start":{"line":75,"column":0},"end":{"line":75,"column":96}},"75":{"start":{"line":76,"column":0},"end":{"line":76,"column":54}},"76":{"start":{"line":77,"column":0},"end":{"line":77,"column":61}},"77":{"start":{"line":78,"column":0},"end":{"line":78,"column":44}},"78":{"start":{"line":79,"column":0},"end":{"line":79,"column":2}},"79":{"start":{"line":80,"column":0},"end":{"line":80,"column":0}},"80":{"start":{"line":81,"column":0},"end":{"line":81,"column":45}},"81":{"start":{"line":82,"column":0},"end":{"line":82,"column":44}},"82":{"start":{"line":83,"column":0},"end":{"line":83,"column":0}},"83":{"start":{"line":84,"column":0},"end":{"line":84,"column":40}},"84":{"start":{"line":85,"column":0},"end":{"line":85,"column":39}},"85":{"start":{"line":86,"column":0},"end":{"line":86,"column":0}},"86":{"start":{"line":87,"column":0},"end":{"line":87,"column":32}},"87":{"start":{"line":88,"column":0},"end":{"line":88,"column":28}},"88":{"start":{"line":89,"column":0},"end":{"line":89,"column":36}},"89":{"start":{"line":90,"column":0},"end":{"line":90,"column":44}},"90":{"start":{"line":91,"column":0},"end":{"line":91,"column":2}}},"s":{"0":1,"1":1,"2":1,"3":1,"4":1,"5":1,"6":1,"7":1,"8":1,"9":3,"10":3,"11":3,"12":3,"13":3,"14":0,"15":0,"16":3,"17":3,"18":1,"19":1,"20":3,"21":3,"22":3,"23":1,"24":1,"25":8,"26":8,"27":8,"28":1,"29":1,"30":1,"31":1,"32":1,"33":1,"34":1,"35":1,"36":1,"37":1,"38":1,"39":1,"40":1,"41":1,"42":1,"43":1,"44":1,"45":1,"46":1,"47":1,"48":1,"49":1,"50":1,"51":0,"52":1,"53":1,"54":1,"55":1,"56":1,"57":1,"58":1,"59":1,"60":1,"61":1,"62":1,"63":1,"64":1,"65":1,"66":1,"67":1,"68":1,"69":1,"70":1,"71":1,"72":4,"73":4,"74":4,"75":4,"76":0,"77":0,"78":0,"79":1,"80":1,"81":2,"82":2,"83":2,"84":2,"85":2,"86":2,"87":2,"88":2,"89":2,"90":2},"branchMap":{"0":{"type":"branch","line":9,"loc":{"start":{"line":9,"column":19},"end":{"line":18,"column":2}},"locations":[{"start":{"line":9,"column":19},"end":{"line":18,"column":2}}]},"1":{"type":"branch","line":14,"loc":{"start":{"line":14,"column":78},"end":{"line":16,"column":3}},"locations":[{"start":{"line":14,"column":78},"end":{"line":16,"column":3}}]},"2":{"type":"branch","line":20,"loc":{"start":{"line":20,"column":18},"end":{"line":23,"column":2}},"locations":[{"start":{"line":20,"column":18},"end":{"line":23,"column":2}}]},"3":{"type":"branch","line":21,"loc":{"start":{"line":21,"column":39},"end":{"line":21,"column":46}},"locations":[{"start":{"line":21,"column":39},"end":{"line":21,"column":46}}]},"4":{"type":"branch","line":25,"loc":{"start":{"line":25,"column":20},"end":{"line":28,"column":2}},"locations":[{"start":{"line":25,"column":20},"end":{"line":28,"column":2}}]},"5":{"type":"branch","line":26,"loc":{"start":{"line":26,"column":39},"end":{"line":26,"column":46}},"locations":[{"start":{"line":26,"column":39},"end":{"line":26,"column":46}}]},"6":{"type":"branch","line":47,"loc":{"start":{"line":47,"column":34},"end":{"line":67,"column":2}},"locations":[{"start":{"line":47,"column":34},"end":{"line":67,"column":2}}]},"7":{"type":"branch","line":48,"loc":{"start":{"line":48,"column":37},"end":{"line":48,"column":44}},"locations":[{"start":{"line":48,"column":37},"end":{"line":48,"column":44}}]},"8":{"type":"branch","line":51,"loc":{"start":{"line":51,"column":25},"end":{"line":51,"column":63}},"locations":[{"start":{"line":51,"column":25},"end":{"line":51,"column":63}}]},"9":{"type":"branch","line":51,"loc":{"start":{"line":51,"column":53},"end":{"line":52,"column":30}},"locations":[{"start":{"line":51,"column":53},"end":{"line":52,"column":30}}]},"10":{"type":"branch","line":65,"loc":{"start":{"line":65,"column":40},"end":{"line":65,"column":54}},"locations":[{"start":{"line":65,"column":40},"end":{"line":65,"column":54}}]},"11":{"type":"branch","line":72,"loc":{"start":{"line":72,"column":28},"end":{"line":79,"column":2}},"locations":[{"start":{"line":72,"column":28},"end":{"line":79,"column":2}}]},"12":{"type":"branch","line":73,"loc":{"start":{"line":73,"column":39},"end":{"line":73,"column":51}},"locations":[{"start":{"line":73,"column":39},"end":{"line":73,"column":51}}]},"13":{"type":"branch","line":76,"loc":{"start":{"line":76,"column":52},"end":{"line":79,"column":2}},"locations":[{"start":{"line":76,"column":52},"end":{"line":79,"column":2}}]},"14":{"type":"branch","line":81,"loc":{"start":{"line":81,"column":32},"end":{"line":91,"column":2}},"locations":[{"start":{"line":81,"column":32},"end":{"line":91,"column":2}}]},"15":{"type":"branch","line":82,"loc":{"start":{"line":82,"column":37},"end":{"line":82,"column":44}},"locations":[{"start":{"line":82,"column":37},"end":{"line":82,"column":44}}]}},"b":{"0":[3],"1":[0],"2":[3],"3":[0],"4":[8],"5":[0],"6":[1],"7":[0],"8":[0],"9":[0],"10":[0],"11":[4],"12":[0],"13":[0],"14":[2],"15":[0]},"fnMap":{"0":{"name":"cookieBase","decl":{"start":{"line":9,"column":19},"end":{"line":18,"column":2}},"loc":{"start":{"line":9,"column":19},"end":{"line":18,"column":2}},"line":9},"1":{"name":"setCookie","decl":{"start":{"line":20,"column":18},"end":{"line":23,"column":2}},"loc":{"start":{"line":20,"column":18},"end":{"line":23,"column":2}},"line":20},"2":{"name":"clearCookie","decl":{"start":{"line":25,"column":20},"end":{"line":28,"column":2}},"loc":{"start":{"line":25,"column":20},"end":{"line":28,"column":2}},"line":25},"3":{"name":"persistAuthSession","decl":{"start":{"line":47,"column":34},"end":{"line":67,"column":2}},"loc":{"start":{"line":47,"column":34},"end":{"line":67,"column":2}},"line":47},"4":{"name":"getAuthToken","decl":{"start":{"line":72,"column":28},"end":{"line":79,"column":2}},"loc":{"start":{"line":72,"column":28},"end":{"line":79,"column":2}},"line":72},"5":{"name":"clearAuthSession","decl":{"start":{"line":81,"column":32},"end":{"line":91,"column":2}},"loc":{"start":{"line":81,"column":32},"end":{"line":91,"column":2}},"line":81}},"f":{"0":3,"1":3,"2":8,"3":1,"4":4,"5":2}}
}
