TN:
SF:src/store/authStore.ts
FN:26,safeJsonParse
FN:50,setSession
FN:61,clearSession
FN:71,bootstrapFromSession
FN:175,hasRole
FN:181,hasAnyRole
FNF:6
FNH:3
FNDA:4,safeJsonParse
FNDA:0,setSession
FNDA:2,clearSession
FNDA:4,bootstrapFromSession
FNDA:0,hasRole
FNDA:0,hasAnyRole
DA:1,1
DA:2,1
DA:3,1
DA:4,1
DA:5,1
DA:6,1
DA:7,1
DA:8,1
DA:9,1
DA:10,1
DA:11,1
DA:12,1
DA:13,1
DA:14,1
DA:15,1
DA:16,1
DA:17,1
DA:18,1
DA:19,1
DA:20,1
DA:21,1
DA:22,1
DA:23,1
DA:24,1
DA:25,1
DA:26,1
DA:27,4
DA:28,4
DA:29,4
DA:30,4
DA:31,0
DA:32,0
DA:33,4
DA:34,1
DA:35,1
DA:36,1
DA:37,1
DA:38,1
DA:39,1
DA:40,1
DA:41,1
DA:42,1
DA:43,1
DA:44,4
DA:45,4
DA:46,4
DA:47,4
DA:48,4
DA:49,4
DA:50,4
DA:51,0
DA:52,0
DA:53,0
DA:54,0
DA:55,0
DA:56,0
DA:57,0
DA:58,0
DA:59,0
DA:60,4
DA:61,4
DA:62,2
DA:63,2
DA:64,2
DA:65,2
DA:66,2
DA:67,2
DA:68,2
DA:69,2
DA:70,4
DA:71,4
DA:72,4
DA:73,0
DA:74,0
DA:75,0
DA:76,4
DA:77,4
DA:78,4
DA:79,0
DA:80,0
DA:81,0
DA:82,4
DA:83,4
DA:84,4
DA:85,4
DA:86,4
DA:87,4
DA:88,4
DA:89,4
DA:90,4
DA:91,4
DA:92,4
DA:93,4
DA:94,4
DA:95,4
DA:96,4
DA:97,4
DA:98,4
DA:99,4
DA:100,4
DA:101,0
DA:102,0
DA:103,0
DA:104,4
DA:105,4
DA:106,4
DA:107,4
DA:108,1
DA:109,1
DA:110,1
DA:111,1
DA:112,1
DA:113,4
DA:114,4
DA:115,4
DA:116,1
DA:117,0
DA:118,4
DA:119,4
DA:120,4
DA:121,0
DA:122,0
DA:123,0
DA:124,0
DA:125,0
DA:126,0
DA:127,0
DA:128,0
DA:129,0
DA:130,1
DA:131,4
DA:132,0
DA:133,0
DA:134,0
DA:135,1
DA:136,1
DA:137,1
DA:138,1
DA:139,1
DA:140,1
DA:141,4
DA:142,4
DA:143,4
DA:144,4
DA:145,4
DA:146,4
DA:147,4
DA:148,4
DA:149,4
DA:150,4
DA:151,2
DA:152,2
DA:153,2
DA:154,0
DA:155,2
DA:156,2
DA:157,2
DA:158,1
DA:159,1
DA:160,1
DA:161,1
DA:162,1
DA:163,1
DA:164,1
DA:165,1
DA:166,4
DA:167,4
DA:168,4
DA:169,4
DA:170,4
DA:171,4
DA:172,4
DA:173,4
DA:174,4
DA:175,4
DA:176,0
DA:177,0
DA:178,0
DA:179,0
DA:180,4
DA:181,4
DA:182,0
DA:183,0
DA:184,0
DA:185,0
DA:186,4
LF:186
LH:144
BRDA:26,0,0,4
BRDA:27,1,0,0
BRDA:30,2,0,0
BRDA:43,3,0,4
BRDA:61,4,0,2
BRDA:71,5,0,4
BRDA:72,6,0,0
BRDA:77,7,0,0
BRDA:78,8,0,0
BRDA:83,9,0,4
BRDA:100,10,0,0
BRDA:106,11,0,2
BRDA:107,12,0,1
BRDA:113,13,0,1
BRDA:113,14,0,0
BRDA:115,15,0,1
BRDA:115,16,0,1
BRDA:115,17,0,1
BRDA:116,18,0,0
BRDA:120,19,0,1
BRDA:120,20,0,0
BRDA:131,21,0,1
BRDA:131,22,0,0
BRDA:150,23,0,2
BRDA:153,24,0,0
BRDA:157,25,0,1
BRDA:157,26,0,1
BRF:27
BRH:16
end_of_record
TN:
SF:src/utils/access.ts
FN:7,parseList
FN:16,isAdminUser
FNF:2
FNH:2
FNDA:8,parseList
FNDA:1,isAdminUser
DA:1,1
DA:2,1
DA:3,1
DA:4,1
DA:5,1
DA:6,1
DA:7,1
DA:8,8
DA:9,8
DA:10,8
DA:11,8
DA:12,1
DA:13,1
DA:14,1
DA:15,1
DA:16,1
DA:17,1
DA:18,1
DA:19,1
DA:20,1
DA:21,1
DA:22,1
DA:23,1
DA:24,1
DA:25,1
DA:26,1
DA:27,1
DA:28,1
DA:29,1
DA:30,1
DA:31,1
DA:32,1
LF:32
LH:32
BRDA:7,0,0,8
BRDA:10,1,0,8
BRDA:16,2,0,1
BRDA:17,3,0,0
BRDA:21,4,0,0
BRDA:22,5,0,0
BRDA:25,6,0,0
BRDA:26,7,0,0
BRDA:29,8,0,0
BRF:9
BRH:3
end_of_record
TN:
SF:src/utils/auth-session.ts
FN:9,cookieBase
FN:20,setCookie
FN:25,clearCookie
FN:47,persistAuthSession
FN:72,getAuthToken
FN:81,clearAuthSession
FNF:6
FNH:6
FNDA:3,cookieBase
FNDA:3,setCookie
FNDA:8,clearCookie
FNDA:1,persistAuthSession
FNDA:4,getAuthToken
FNDA:2,clearAuthSession
DA:1,1
DA:2,1
DA:3,1
DA:4,1
DA:5,1
DA:6,1
DA:7,1
DA:8,1
DA:9,1
DA:10,3
DA:11,3
DA:12,3
DA:13,3
DA:14,3
DA:15,0
DA:16,0
DA:17,3
DA:18,3
DA:19,1
DA:20,1
DA:21,3
DA:22,3
DA:23,3
DA:24,1
DA:25,1
DA:26,8
DA:27,8
DA:28,8
DA:29,1
DA:30,1
DA:31,1
DA:32,1
DA:33,1
DA:34,1
DA:35,1
DA:36,1
DA:37,1
DA:38,1
DA:39,1
DA:40,1
DA:41,1
DA:42,1
DA:43,1
DA:44,1
DA:45,1
DA:46,1
DA:47,1
DA:48,1
DA:49,1
DA:50,1
DA:51,1
DA:52,0
DA:53,1
DA:54,1
DA:55,1
DA:56,1
DA:57,1
DA:58,1
DA:59,1
DA:60,1
DA:61,1
DA:62,1
DA:63,1
DA:64,1
DA:65,1
DA:66,1
DA:67,1
DA:68,1
DA:69,1
DA:70,1
DA:71,1
DA:72,1
DA:73,4
DA:74,4
DA:75,4
DA:76,4
DA:77,0
DA:78,0
DA:79,0
DA:80,1
DA:81,1
DA:82,2
DA:83,2
DA:84,2
DA:85,2
DA:86,2
DA:87,2
DA:88,2
DA:89,2
DA:90,2
DA:91,2
LF:91
LH:85
BRDA:9,0,0,3
BRDA:14,1,0,0
BRDA:20,2,0,3
BRDA:21,3,0,0
BRDA:25,4,0,8
BRDA:26,5,0,0
BRDA:47,6,0,1
BRDA:48,7,0,0
BRDA:51,8,0,0
BRDA:51,9,0,0
BRDA:65,10,0,0
BRDA:72,11,0,4
BRDA:73,12,0,0
BRDA:76,13,0,0
BRDA:81,14,0,2
BRDA:82,15,0,0
BRF:16
BRH:6
end_of_record
